2018-10-12 17:24:40,271 INFO  - 9f6b9f33-3019-4c37-aa13-bf49f6b33cd7-SubWorkflowActor-SubWorkflow-PreProcessFastqs:-1:1 [UUID(9f6b9f33)]: Starting ConvertPairedFastQsToUnmappedBamWf.PairedFastQsToUnmappedBAM
2018-10-12 17:24:41,706 INFO  - PipelinesApiAsyncBackendJobExecutionActor [UUID(9f6b9f33)ConvertPairedFastQsToUnmappedBamWf.PairedFastQsToUnmappedBAM:0:1]: `/gatk/gatk --java-options "-Xmx3000m" \
FastqToSam \
--FASTQ /cromwell_root/ngb_cloud/fastq/NGB0-075-KOD-NEB-18-2_S24_L001_R1_001.fastq.gz \
--FASTQ2 /cromwell_root/ngb_cloud/fastq/NGB0-075-KOD-NEB-18-2_S24_L001_R2_001.fastq.gz \
--OUTPUT NGB0-075-KOD-NEB-18-2.unmapped.bam \
--READ_GROUP_NAME NGB0-075-KOD-NEB-18-2 \
--SAMPLE_NAME NGB0-075-KOD-NEB-18-2 \
--LIBRARY_NAME Illumina-NGB0-075 \
--PLATFORM_UNIT H06HDADXX130110.2.ATCACGAT \
--RUN_DATE 2016-09-01T02:00:00+0200 \
--PLATFORM illumina \
--SEQUENCING_CENTER BI`
2018-10-12 17:25:09,746 INFO  - PipelinesApiAsyncBackendJobExecutionActor [UUID(9f6b9f33)ConvertPairedFastQsToUnmappedBamWf.PairedFastQsToUnmappedBAM:0:1]: job id: operations/EOWjhLvmLBixzuDH2_rqyBogyJGInf8LKg9wcm9kdWN0aW9uUXVldWU
2018-10-12 17:25:38,438 INFO  - PipelinesApiAsyncBackendJobExecutionActor [UUID(9f6b9f33)ConvertPairedFastQsToUnmappedBamWf.PairedFastQsToUnmappedBAM:0:1]: Status change from - to Running
2018-10-12 17:27:53,076 INFO  - PipelinesApiAsyncBackendJobExecutionActor [UUID(9f6b9f33)ConvertPairedFastQsToUnmappedBamWf.PairedFastQsToUnmappedBAM:0:1]: Status change from Running to Success
2018-10-12 17:27:56,563 INFO  - 9f6b9f33-3019-4c37-aa13-bf49f6b33cd7-SubWorkflowActor-SubWorkflow-PreProcessFastqs:-1:1 [UUID(9f6b9f33)]: Starting ConvertPairedFastQsToUnmappedBamWf.CreateFoFN
2018-10-12 17:28:01,354 INFO  - PipelinesApiAsyncBackendJobExecutionActor [UUID(9f6b9f33)ConvertPairedFastQsToUnmappedBamWf.CreateFoFN:NA:1]: `mv /cromwell_root/ngb_cloud/cromwell-execution/FullPipeline/f909c483-967c-409a-b2fb-bbdfeca5ab9f/call-PreProcessFastqs/PreProcessFastq.ConvertPairedFastQsToUnmappedBamWf/9f6b9f33-3019-4c37-aa13-bf49f6b33cd7/call-CreateFoFN/write_lines_48af336be6154c0ad19a6ac6d0efeb16.tmp  NGB0-075_unmapped_bam.list`
2018-10-12 17:28:29,718 INFO  - PipelinesApiAsyncBackendJobExecutionActor [UUID(9f6b9f33)ConvertPairedFastQsToUnmappedBamWf.CreateFoFN:NA:1]: job id: operations/EMHIkLvmLBjaz4C3xo242RkgyJGInf8LKg9wcm9kdWN0aW9uUXVldWU
2018-10-12 17:29:00,079 INFO  - PipelinesApiAsyncBackendJobExecutionActor [UUID(9f6b9f33)ConvertPairedFastQsToUnmappedBamWf.CreateFoFN:NA:1]: Status change from - to Running
2018-10-12 17:31:48,088 INFO  - PipelinesApiAsyncBackendJobExecutionActor [UUID(9f6b9f33)ConvertPairedFastQsToUnmappedBamWf.CreateFoFN:NA:1]: Status change from Running to Success
2018-10-12 17:31:50,835 INFO  - 9f6b9f33-3019-4c37-aa13-bf49f6b33cd7-SubWorkflowActor-SubWorkflow-PreProcessFastqs:-1:1 [UUID(9f6b9f33)]: Workflow PreProcessFastq.ConvertPairedFastQsToUnmappedBamWf complete. Final Outputs:
{
  "ConvertPairedFastQsToUnmappedBamWf.unmapped_bam_list": "gs://ngb_cloud/cromwell-execution/FullPipeline/f909c483-967c-409a-b2fb-bbdfeca5ab9f/call-PreProcessFastqs/PreProcessFastq.ConvertPairedFastQsToUnmappedBamWf/9f6b9f33-3019-4c37-aa13-bf49f6b33cd7/call-CreateFoFN/NGB0-075_unmapped_bam.list",
  "ConvertPairedFastQsToUnmappedBamWf.output_bams": ["gs://ngb_cloud/cromwell-execution/FullPipeline/f909c483-967c-409a-b2fb-bbdfeca5ab9f/call-PreProcessFastqs/PreProcessFastq.ConvertPairedFastQsToUnmappedBamWf/9f6b9f33-3019-4c37-aa13-bf49f6b33cd7/call-PairedFastQsToUnmappedBAM/shard-0/NGB0-075-KOD-NEB-18-2.unmapped.bam"]
}
