2018-10-11 13:22:50,476 INFO  - fb39d765-2f4f-4816-87da-d367fa89e097-SubWorkflowActor-SubWorkflow-PreProcessFastqs:-1:1 [UUID(fb39d765)]: Starting ConvertPairedFastQsToUnmappedBamWf.PairedFastQsToUnmappedBAM
2018-10-11 13:22:51,924 INFO  - PipelinesApiAsyncBackendJobExecutionActor [UUID(fb39d765)ConvertPairedFastQsToUnmappedBamWf.PairedFastQsToUnmappedBAM:0:1]: `/gatk/gatk --java-options "-Xmx3000m" \
FastqToSam \
--FASTQ /cromwell_root/ngb_cloud/fastq/NGB0-075-KOD-NEB-18-2_S24_L001_R1_001.fastq.gz \
--FASTQ2 /cromwell_root/ngb_cloud/fastq/NGB0-075-KOD-NEB-18-2_S24_L001_R2_001.fastq.gz \
--OUTPUT NGB0-075-KOD-NEB-18-2.unmapped.bam \
--READ_GROUP_NAME NGB0-075-KOD-NEB-18-2 \
--SAMPLE_NAME NGB0-075-KOD-NEB-18-2 \
--LIBRARY_NAME Illumina-NGB0-075 \
--PLATFORM_UNIT H06HDADXX130110.2.ATCACGAT \
--RUN_DATE 2016-09-01T02:00:00+0200 \
--PLATFORM illumina \
--SEQUENCING_CENTER BI`
2018-10-11 13:23:21,016 INFO  - PipelinesApiAsyncBackendJobExecutionActor [UUID(fb39d765)ConvertPairedFastQsToUnmappedBamWf.PairedFastQsToUnmappedBAM:0:1]: job id: operations/EKql9YrmLBiS9Kr_nqWk8ncgyJGInf8LKg9wcm9kdWN0aW9uUXVldWU
2018-10-11 13:23:49,805 INFO  - PipelinesApiAsyncBackendJobExecutionActor [UUID(fb39d765)ConvertPairedFastQsToUnmappedBamWf.PairedFastQsToUnmappedBAM:0:1]: Status change from - to Running
2018-10-11 13:27:11,229 INFO  - PipelinesApiAsyncBackendJobExecutionActor [UUID(fb39d765)ConvertPairedFastQsToUnmappedBamWf.PairedFastQsToUnmappedBAM:0:1]: Status change from Running to Success
2018-10-11 13:27:14,498 INFO  - fb39d765-2f4f-4816-87da-d367fa89e097-SubWorkflowActor-SubWorkflow-PreProcessFastqs:-1:1 [UUID(fb39d765)]: Starting ConvertPairedFastQsToUnmappedBamWf.CreateFoFN
2018-10-11 13:27:18,292 INFO  - PipelinesApiAsyncBackendJobExecutionActor [UUID(fb39d765)ConvertPairedFastQsToUnmappedBamWf.CreateFoFN:NA:1]: `mv /cromwell_root/ngb_cloud/cromwell-execution/FullPipeline/208a9437-c265-4958-aaf1-d0dca1bc0029/call-PreProcessFastqs/PreProcessFastq.ConvertPairedFastQsToUnmappedBamWf/fb39d765-2f4f-4816-87da-d367fa89e097/call-CreateFoFN/write_lines_68f1962621c84a7ba94d0a17e5b8169b.tmp  NGB0-075_unmapped_bam.list`
2018-10-11 13:27:45,990 INFO  - PipelinesApiAsyncBackendJobExecutionActor [UUID(fb39d765)ConvertPairedFastQsToUnmappedBamWf.CreateFoFN:NA:1]: job id: operations/EMHUhYvmLBi19MSg_erd1eEBIMiRiJ3_CyoPcHJvZHVjdGlvblF1ZXVl
2018-10-11 13:28:19,066 INFO  - PipelinesApiAsyncBackendJobExecutionActor [UUID(fb39d765)ConvertPairedFastQsToUnmappedBamWf.CreateFoFN:NA:1]: Status change from - to Running
2018-10-11 13:31:06,956 INFO  - PipelinesApiAsyncBackendJobExecutionActor [UUID(fb39d765)ConvertPairedFastQsToUnmappedBamWf.CreateFoFN:NA:1]: Status change from Running to Success
2018-10-11 13:31:08,900 INFO  - fb39d765-2f4f-4816-87da-d367fa89e097-SubWorkflowActor-SubWorkflow-PreProcessFastqs:-1:1 [UUID(fb39d765)]: Workflow PreProcessFastq.ConvertPairedFastQsToUnmappedBamWf complete. Final Outputs:
{
  "ConvertPairedFastQsToUnmappedBamWf.unmapped_bam_list": "gs://ngb_cloud/cromwell-execution/FullPipeline/208a9437-c265-4958-aaf1-d0dca1bc0029/call-PreProcessFastqs/PreProcessFastq.ConvertPairedFastQsToUnmappedBamWf/fb39d765-2f4f-4816-87da-d367fa89e097/call-CreateFoFN/NGB0-075_unmapped_bam.list",
  "ConvertPairedFastQsToUnmappedBamWf.output_bams": ["gs://ngb_cloud/cromwell-execution/FullPipeline/208a9437-c265-4958-aaf1-d0dca1bc0029/call-PreProcessFastqs/PreProcessFastq.ConvertPairedFastQsToUnmappedBamWf/fb39d765-2f4f-4816-87da-d367fa89e097/call-PairedFastQsToUnmappedBAM/shard-0/NGB0-075-KOD-NEB-18-2.unmapped.bam"]
}
