2018-10-15 14:54:46,297 INFO  - 32479552-691c-4675-b12c-666f9cb7d9e4-SubWorkflowActor-SubWorkflow-PreProcessFastqs:-1:1 [UUID(32479552)]: Starting ConvertPairedFastQsToUnmappedBamWf.PairedFastQsToUnmappedBAM
2018-10-15 14:54:49,159 INFO  - PipelinesApiAsyncBackendJobExecutionActor [UUID(32479552)ConvertPairedFastQsToUnmappedBamWf.PairedFastQsToUnmappedBAM:0:1]: `/gatk/gatk --java-options "-Xmx3000m" \
FastqToSam \
--FASTQ /cromwell_root/ngb_cloud/fastq/NGB0-075-KOD-NEB-18-2_S24_L001_R1_001.fastq.gz \
--FASTQ2 /cromwell_root/ngb_cloud/fastq/NGB0-075-KOD-NEB-18-2_S24_L001_R2_001.fastq.gz \
--OUTPUT NGB0-075-KOD-NEB-18-2.unmapped.bam \
--READ_GROUP_NAME NGB0-075-KOD-NEB-18-2 \
--SAMPLE_NAME NGB0-075-KOD-NEB-18-2 \
--LIBRARY_NAME Illumina-NGB0-075 \
--PLATFORM_UNIT H06HDADXX130110.2.ATCACGAT \
--RUN_DATE 2016-09-01T02:00:00+0200 \
--PLATFORM illumina \
--SEQUENCING_CENTER BI`
2018-10-15 14:55:05,760 INFO  - PipelinesApiAsyncBackendJobExecutionActor [UUID(32479552)ConvertPairedFastQsToUnmappedBamWf.PairedFastQsToUnmappedBAM:0:1]: job id: operations/EI2fq7LnLBjK9dSniqDV_UsgyJGInf8LKg9wcm9kdWN0aW9uUXVldWU
2018-10-15 14:55:37,850 INFO  - PipelinesApiAsyncBackendJobExecutionActor [UUID(32479552)ConvertPairedFastQsToUnmappedBamWf.PairedFastQsToUnmappedBAM:0:1]: Status change from - to Running
2018-10-15 14:58:25,879 INFO  - PipelinesApiAsyncBackendJobExecutionActor [UUID(32479552)ConvertPairedFastQsToUnmappedBamWf.PairedFastQsToUnmappedBAM:0:1]: Status change from Running to Success
2018-10-15 14:58:29,210 INFO  - 32479552-691c-4675-b12c-666f9cb7d9e4-SubWorkflowActor-SubWorkflow-PreProcessFastqs:-1:1 [UUID(32479552)]: Starting ConvertPairedFastQsToUnmappedBamWf.CreateFoFN
2018-10-15 14:58:32,184 INFO  - PipelinesApiAsyncBackendJobExecutionActor [UUID(32479552)ConvertPairedFastQsToUnmappedBamWf.CreateFoFN:NA:1]: `mv /cromwell_root/ngb_cloud/cromwell-execution/FullPipeline/239b7775-76cf-4279-a8d9-d38e68e5e871/call-PreProcessFastqs/PreProcessFastq.ConvertPairedFastQsToUnmappedBamWf/32479552-691c-4675-b12c-666f9cb7d9e4/call-CreateFoFN/write_lines_f48308817ea832165915a5f22eacbadf.tmp  NGB0-075_unmapped_bam.list`
2018-10-15 14:59:00,743 INFO  - PipelinesApiAsyncBackendJobExecutionActor [UUID(32479552)ConvertPairedFastQsToUnmappedBamWf.CreateFoFN:NA:1]: job id: operations/EJvKubLnLBjm8OOW1JLLpKMBIMiRiJ3_CyoPcHJvZHVjdGlvblF1ZXVl
2018-10-15 14:59:33,733 INFO  - PipelinesApiAsyncBackendJobExecutionActor [UUID(32479552)ConvertPairedFastQsToUnmappedBamWf.CreateFoFN:NA:1]: Status change from - to Running
2018-10-15 15:01:47,670 INFO  - PipelinesApiAsyncBackendJobExecutionActor [UUID(32479552)ConvertPairedFastQsToUnmappedBamWf.CreateFoFN:NA:1]: Status change from Running to Success
2018-10-15 15:01:50,656 INFO  - 32479552-691c-4675-b12c-666f9cb7d9e4-SubWorkflowActor-SubWorkflow-PreProcessFastqs:-1:1 [UUID(32479552)]: Workflow PreProcessFastq.ConvertPairedFastQsToUnmappedBamWf complete. Final Outputs:
{
  "ConvertPairedFastQsToUnmappedBamWf.unmapped_bam_list": "gs://ngb_cloud/cromwell-execution/FullPipeline/239b7775-76cf-4279-a8d9-d38e68e5e871/call-PreProcessFastqs/PreProcessFastq.ConvertPairedFastQsToUnmappedBamWf/32479552-691c-4675-b12c-666f9cb7d9e4/call-CreateFoFN/NGB0-075_unmapped_bam.list",
  "ConvertPairedFastQsToUnmappedBamWf.output_bams": ["gs://ngb_cloud/cromwell-execution/FullPipeline/239b7775-76cf-4279-a8d9-d38e68e5e871/call-PreProcessFastqs/PreProcessFastq.ConvertPairedFastQsToUnmappedBamWf/32479552-691c-4675-b12c-666f9cb7d9e4/call-PairedFastQsToUnmappedBAM/shard-0/NGB0-075-KOD-NEB-18-2.unmapped.bam"]
}
