2018-10-11 17:24:05,756 INFO  - cace944c-4790-47a8-90db-347d84f3f001-SubWorkflowActor-SubWorkflow-PreProcessFastqs:-1:1 [UUID(cace944c)]: Starting ConvertPairedFastQsToUnmappedBamWf.PairedFastQsToUnmappedBAM
2018-10-11 17:24:07,771 INFO  - PipelinesApiAsyncBackendJobExecutionActor [UUID(cace944c)ConvertPairedFastQsToUnmappedBamWf.PairedFastQsToUnmappedBAM:0:1]: `/gatk/gatk --java-options "-Xmx3000m" \
FastqToSam \
--FASTQ /cromwell_root/ngb_cloud/fastq/NGB0-075-KOD-NEB-18-2_S24_L001_R1_001.fastq.gz \
--FASTQ2 /cromwell_root/ngb_cloud/fastq/NGB0-075-KOD-NEB-18-2_S24_L001_R2_001.fastq.gz \
--OUTPUT NGB0-075-KOD-NEB-18-2.unmapped.bam \
--READ_GROUP_NAME NGB0-075-KOD-NEB-18-2 \
--SAMPLE_NAME NGB0-075-KOD-NEB-18-2 \
--LIBRARY_NAME Illumina-NGB0-075 \
--PLATFORM_UNIT H06HDADXX130110.2.ATCACGAT \
--RUN_DATE 2016-09-01T02:00:00+0200 \
--PLATFORM illumina \
--SEQUENCING_CENTER BI`
2018-10-11 17:24:35,782 INFO  - PipelinesApiAsyncBackendJobExecutionActor [UUID(cace944c)ConvertPairedFastQsToUnmappedBamWf.PairedFastQsToUnmappedBAM:0:1]: job id: operations/EO3i6JHmLBjux8_dnc75uJcBIMiRiJ3_CyoPcHJvZHVjdGlvblF1ZXVl
2018-10-11 17:25:04,728 INFO  - PipelinesApiAsyncBackendJobExecutionActor [UUID(cace944c)ConvertPairedFastQsToUnmappedBamWf.PairedFastQsToUnmappedBAM:0:1]: Status change from - to Running
2018-10-11 17:27:52,724 INFO  - PipelinesApiAsyncBackendJobExecutionActor [UUID(cace944c)ConvertPairedFastQsToUnmappedBamWf.PairedFastQsToUnmappedBAM:0:1]: Status change from Running to Success
2018-10-11 17:27:56,582 INFO  - cace944c-4790-47a8-90db-347d84f3f001-SubWorkflowActor-SubWorkflow-PreProcessFastqs:-1:1 [UUID(cace944c)]: Starting ConvertPairedFastQsToUnmappedBamWf.CreateFoFN
2018-10-11 17:28:02,511 INFO  - PipelinesApiAsyncBackendJobExecutionActor [UUID(cace944c)ConvertPairedFastQsToUnmappedBamWf.CreateFoFN:NA:1]: `mv /cromwell_root/ngb_cloud/cromwell-execution/FullPipeline/c13778dc-5e05-4ce9-acfc-f535df66a4a4/call-PreProcessFastqs/PreProcessFastq.ConvertPairedFastQsToUnmappedBamWf/cace944c-4790-47a8-90db-347d84f3f001/call-CreateFoFN/write_lines_90ee91b771785b07d48e40de9f690953.tmp  NGB0-075_unmapped_bam.list`
2018-10-11 17:28:30,749 INFO  - PipelinesApiAsyncBackendJobExecutionActor [UUID(cace944c)ConvertPairedFastQsToUnmappedBamWf.CreateFoFN:NA:1]: job id: operations/EK2N95HmLBjU7-Hd7MTkznIgyJGInf8LKg9wcm9kdWN0aW9uUXVldWU
2018-10-11 17:29:00,504 INFO  - PipelinesApiAsyncBackendJobExecutionActor [UUID(cace944c)ConvertPairedFastQsToUnmappedBamWf.CreateFoFN:NA:1]: Status change from - to Running
2018-10-11 17:31:14,335 INFO  - PipelinesApiAsyncBackendJobExecutionActor [UUID(cace944c)ConvertPairedFastQsToUnmappedBamWf.CreateFoFN:NA:1]: Status change from Running to Success
2018-10-11 17:31:16,861 INFO  - cace944c-4790-47a8-90db-347d84f3f001-SubWorkflowActor-SubWorkflow-PreProcessFastqs:-1:1 [UUID(cace944c)]: Workflow PreProcessFastq.ConvertPairedFastQsToUnmappedBamWf complete. Final Outputs:
{
  "ConvertPairedFastQsToUnmappedBamWf.output_bams": ["gs://ngb_cloud/cromwell-execution/FullPipeline/c13778dc-5e05-4ce9-acfc-f535df66a4a4/call-PreProcessFastqs/PreProcessFastq.ConvertPairedFastQsToUnmappedBamWf/cace944c-4790-47a8-90db-347d84f3f001/call-PairedFastQsToUnmappedBAM/shard-0/NGB0-075-KOD-NEB-18-2.unmapped.bam"],
  "ConvertPairedFastQsToUnmappedBamWf.unmapped_bam_list": "gs://ngb_cloud/cromwell-execution/FullPipeline/c13778dc-5e05-4ce9-acfc-f535df66a4a4/call-PreProcessFastqs/PreProcessFastq.ConvertPairedFastQsToUnmappedBamWf/cace944c-4790-47a8-90db-347d84f3f001/call-CreateFoFN/NGB0-075_unmapped_bam.list"
}
