2018-10-11 10:20:29,823 INFO  - 001299c5-ef7d-459d-b52b-007931a7ad45-SubWorkflowActor-SubWorkflow-PreProcessFastq:-1:1 [UUID(001299c5)]: Starting ConvertPairedFastQsToUnmappedBamWf.PairedFastQsToUnmappedBAM
2018-10-11 10:20:31,796 INFO  - PipelinesApiAsyncBackendJobExecutionActor [UUID(001299c5)ConvertPairedFastQsToUnmappedBamWf.PairedFastQsToUnmappedBAM:0:1]: `/gatk/gatk --java-options "-Xmx3000m" \
FastqToSam \
--FASTQ /cromwell_root/ngb_cloud/fastq/NGB0-075-KOD-NEB-18-2_S24_L001_R1_001.fastq.gz \
--FASTQ2 /cromwell_root/ngb_cloud/fastq/NGB0-075-KOD-NEB-18-2_S24_L001_R2_001.fastq.gz \
--OUTPUT NGB0-075-KOD-NEB-18-2.unmapped.bam \
--READ_GROUP_NAME NGB0-075-KOD-NEB-18-2 \
--SAMPLE_NAME NGB0-075-KOD-NEB-18-2 \
--LIBRARY_NAME Illumina-NGB0-075 \
--PLATFORM_UNIT H06HDADXX130110.2.ATCACGAT \
--RUN_DATE 2016-09-01T02:00:00+0200 \
--PLATFORM illumina \
--SEQUENCING_CENTER BI`
2018-10-11 10:21:00,931 INFO  - PipelinesApiAsyncBackendJobExecutionActor [UUID(001299c5)ConvertPairedFastQsToUnmappedBamWf.PairedFastQsToUnmappedBAM:0:1]: job id: operations/EPHI2YXmLBif5ZyWg4TwsjcgyJGInf8LKg9wcm9kdWN0aW9uUXVldWU
2018-10-11 10:21:29,810 INFO  - PipelinesApiAsyncBackendJobExecutionActor [UUID(001299c5)ConvertPairedFastQsToUnmappedBamWf.PairedFastQsToUnmappedBAM:0:1]: Status change from - to Running
2018-10-11 10:24:17,850 INFO  - PipelinesApiAsyncBackendJobExecutionActor [UUID(001299c5)ConvertPairedFastQsToUnmappedBamWf.PairedFastQsToUnmappedBAM:0:1]: Status change from Running to Success
2018-10-11 10:24:21,569 INFO  - 001299c5-ef7d-459d-b52b-007931a7ad45-SubWorkflowActor-SubWorkflow-PreProcessFastq:-1:1 [UUID(001299c5)]: Starting ConvertPairedFastQsToUnmappedBamWf.CreateFoFN
2018-10-11 10:24:27,422 INFO  - PipelinesApiAsyncBackendJobExecutionActor [UUID(001299c5)ConvertPairedFastQsToUnmappedBamWf.CreateFoFN:NA:1]: `mv /cromwell_root/ngb_cloud/cromwell-execution/FullPipeline/82aa969a-3ccc-484b-83e7-220dddd7f338/call-PreProcessFastq/PreProcess.ConvertPairedFastQsToUnmappedBamWf/001299c5-ef7d-459d-b52b-007931a7ad45/call-CreateFoFN/write_lines_97bd963a4ffc3e93967ecd9652eec1ef.tmp  NGB0-075_unmapped_bam.list`
2018-10-11 10:24:55,907 INFO  - PipelinesApiAsyncBackendJobExecutionActor [UUID(001299c5)ConvertPairedFastQsToUnmappedBamWf.CreateFoFN:NA:1]: job id: operations/EJL054XmLBjb1fum_KiOrdgBIMiRiJ3_CyoPcHJvZHVjdGlvblF1ZXVl
2018-10-11 10:25:27,679 INFO  - PipelinesApiAsyncBackendJobExecutionActor [UUID(001299c5)ConvertPairedFastQsToUnmappedBamWf.CreateFoFN:NA:1]: Status change from - to Running
2018-10-11 10:28:14,114 INFO  - PipelinesApiAsyncBackendJobExecutionActor [UUID(001299c5)ConvertPairedFastQsToUnmappedBamWf.CreateFoFN:NA:1]: Status change from Running to Success
2018-10-11 10:28:16,982 INFO  - 001299c5-ef7d-459d-b52b-007931a7ad45-SubWorkflowActor-SubWorkflow-PreProcessFastq:-1:1 [UUID(001299c5)]: Workflow PreProcess.ConvertPairedFastQsToUnmappedBamWf complete. Final Outputs:
{
  "ConvertPairedFastQsToUnmappedBamWf.unmapped_bam_list": "gs://ngb_cloud/cromwell-execution/FullPipeline/82aa969a-3ccc-484b-83e7-220dddd7f338/call-PreProcessFastq/PreProcess.ConvertPairedFastQsToUnmappedBamWf/001299c5-ef7d-459d-b52b-007931a7ad45/call-CreateFoFN/NGB0-075_unmapped_bam.list",
  "ConvertPairedFastQsToUnmappedBamWf.output_bams": ["gs://ngb_cloud/cromwell-execution/FullPipeline/82aa969a-3ccc-484b-83e7-220dddd7f338/call-PreProcessFastq/PreProcess.ConvertPairedFastQsToUnmappedBamWf/001299c5-ef7d-459d-b52b-007931a7ad45/call-PairedFastQsToUnmappedBAM/shard-0/NGB0-075-KOD-NEB-18-2.unmapped.bam"]
}
