2018-10-11 13:53:01,574 INFO  - b24b8037-0ed8-4d14-957e-e1a5c7e95d6d-SubWorkflowActor-SubWorkflow-PreProcessFastqs:-1:1 [UUID(b24b8037)]: Starting ConvertPairedFastQsToUnmappedBamWf.PairedFastQsToUnmappedBAM
2018-10-11 13:53:03,048 INFO  - PipelinesApiAsyncBackendJobExecutionActor [UUID(b24b8037)ConvertPairedFastQsToUnmappedBamWf.PairedFastQsToUnmappedBAM:0:1]: `/gatk/gatk --java-options "-Xmx3000m" \
FastqToSam \
--FASTQ /cromwell_root/ngb_cloud/fastq/NGB0-075-KOD-NEB-18-2_S24_L001_R1_001.fastq.gz \
--FASTQ2 /cromwell_root/ngb_cloud/fastq/NGB0-075-KOD-NEB-18-2_S24_L001_R2_001.fastq.gz \
--OUTPUT NGB0-075-KOD-NEB-18-2.unmapped.bam \
--READ_GROUP_NAME NGB0-075-KOD-NEB-18-2 \
--SAMPLE_NAME NGB0-075-KOD-NEB-18-2 \
--LIBRARY_NAME Illumina-NGB0-075 \
--PLATFORM_UNIT H06HDADXX130110.2.ATCACGAT \
--RUN_DATE 2016-09-01T02:00:00+0200 \
--PLATFORM illumina \
--SEQUENCING_CENTER BI`
2018-10-11 13:53:32,280 INFO  - PipelinesApiAsyncBackendJobExecutionActor [UUID(b24b8037)ConvertPairedFastQsToUnmappedBamWf.PairedFastQsToUnmappedBAM:0:1]: job id: operations/EPLs44vmLBibh_uq7bvt9xEgyJGInf8LKg9wcm9kdWN0aW9uUXVldWU
2018-10-11 13:54:01,039 INFO  - PipelinesApiAsyncBackendJobExecutionActor [UUID(b24b8037)ConvertPairedFastQsToUnmappedBamWf.PairedFastQsToUnmappedBAM:0:1]: Status change from - to Running
2018-10-11 13:56:17,190 INFO  - PipelinesApiAsyncBackendJobExecutionActor [UUID(b24b8037)ConvertPairedFastQsToUnmappedBamWf.PairedFastQsToUnmappedBAM:0:1]: Status change from Running to Success
2018-10-11 13:56:20,582 INFO  - b24b8037-0ed8-4d14-957e-e1a5c7e95d6d-SubWorkflowActor-SubWorkflow-PreProcessFastqs:-1:1 [UUID(b24b8037)]: Starting ConvertPairedFastQsToUnmappedBamWf.CreateFoFN
2018-10-11 13:56:23,844 INFO  - PipelinesApiAsyncBackendJobExecutionActor [UUID(b24b8037)ConvertPairedFastQsToUnmappedBamWf.CreateFoFN:NA:1]: `mv /cromwell_root/ngb_cloud/cromwell-execution/FullPipeline/0c135f07-3e84-488b-bce2-ee3cc11e63d9/call-PreProcessFastqs/PreProcessFastq.ConvertPairedFastQsToUnmappedBamWf/b24b8037-0ed8-4d14-957e-e1a5c7e95d6d/call-CreateFoFN/write_lines_5a39e1ea9ce703e3e717b038af914a99.tmp  NGB0-075_unmapped_bam.list`
2018-10-11 13:56:52,255 INFO  - PipelinesApiAsyncBackendJobExecutionActor [UUID(b24b8037)ConvertPairedFastQsToUnmappedBamWf.CreateFoFN:NA:1]: job id: operations/EMiQ8IvmLBjnm8jwoMDk6TMgyJGInf8LKg9wcm9kdWN0aW9uUXVldWU
2018-10-11 13:57:22,820 INFO  - PipelinesApiAsyncBackendJobExecutionActor [UUID(b24b8037)ConvertPairedFastQsToUnmappedBamWf.CreateFoFN:NA:1]: Status change from - to Running
2018-10-11 14:00:11,594 INFO  - PipelinesApiAsyncBackendJobExecutionActor [UUID(b24b8037)ConvertPairedFastQsToUnmappedBamWf.CreateFoFN:NA:1]: Status change from Running to Success
2018-10-11 14:00:14,355 INFO  - b24b8037-0ed8-4d14-957e-e1a5c7e95d6d-SubWorkflowActor-SubWorkflow-PreProcessFastqs:-1:1 [UUID(b24b8037)]: Workflow PreProcessFastq.ConvertPairedFastQsToUnmappedBamWf complete. Final Outputs:
{
  "ConvertPairedFastQsToUnmappedBamWf.unmapped_bam_list": "gs://ngb_cloud/cromwell-execution/FullPipeline/0c135f07-3e84-488b-bce2-ee3cc11e63d9/call-PreProcessFastqs/PreProcessFastq.ConvertPairedFastQsToUnmappedBamWf/b24b8037-0ed8-4d14-957e-e1a5c7e95d6d/call-CreateFoFN/NGB0-075_unmapped_bam.list",
  "ConvertPairedFastQsToUnmappedBamWf.output_bams": ["gs://ngb_cloud/cromwell-execution/FullPipeline/0c135f07-3e84-488b-bce2-ee3cc11e63d9/call-PreProcessFastqs/PreProcessFastq.ConvertPairedFastQsToUnmappedBamWf/b24b8037-0ed8-4d14-957e-e1a5c7e95d6d/call-PairedFastQsToUnmappedBAM/shard-0/NGB0-075-KOD-NEB-18-2.unmapped.bam"]
}
