2018-10-11 14:52:10,481 INFO  - b400cacc-14c0-4c25-a3f4-537fe7d99b98-SubWorkflowActor-SubWorkflow-PreProcessFastqs:-1:1 [UUID(b400cacc)]: Starting ConvertPairedFastQsToUnmappedBamWf.PairedFastQsToUnmappedBAM
2018-10-11 14:52:12,876 INFO  - PipelinesApiAsyncBackendJobExecutionActor [UUID(b400cacc)ConvertPairedFastQsToUnmappedBamWf.PairedFastQsToUnmappedBAM:0:1]: `/gatk/gatk --java-options "-Xmx3000m" \
FastqToSam \
--FASTQ /cromwell_root/ngb_cloud/fastq/NGB0-075-KOD-NEB-18-2_S24_L001_R1_001.fastq.gz \
--FASTQ2 /cromwell_root/ngb_cloud/fastq/NGB0-075-KOD-NEB-18-2_S24_L001_R2_001.fastq.gz \
--OUTPUT NGB0-075-KOD-NEB-18-2.unmapped.bam \
--READ_GROUP_NAME NGB0-075-KOD-NEB-18-2 \
--SAMPLE_NAME NGB0-075-KOD-NEB-18-2 \
--LIBRARY_NAME Illumina-NGB0-075 \
--PLATFORM_UNIT H06HDADXX130110.2.ATCACGAT \
--RUN_DATE 2016-09-01T02:00:00+0200 \
--PLATFORM illumina \
--SEQUENCING_CENTER BI`
2018-10-11 14:52:40,938 INFO  - PipelinesApiAsyncBackendJobExecutionActor [UUID(b400cacc)ConvertPairedFastQsToUnmappedBamWf.PairedFastQsToUnmappedBAM:0:1]: job id: operations/EK24vI3mLBjc47-22djC3YgBIMiRiJ3_CyoPcHJvZHVjdGlvblF1ZXVl
2018-10-11 14:53:09,761 INFO  - PipelinesApiAsyncBackendJobExecutionActor [UUID(b400cacc)ConvertPairedFastQsToUnmappedBamWf.PairedFastQsToUnmappedBAM:0:1]: Status change from - to Running
2018-10-11 14:55:24,441 INFO  - PipelinesApiAsyncBackendJobExecutionActor [UUID(b400cacc)ConvertPairedFastQsToUnmappedBamWf.PairedFastQsToUnmappedBAM:0:1]: Status change from Running to Success
2018-10-11 14:55:27,867 INFO  - b400cacc-14c0-4c25-a3f4-537fe7d99b98-SubWorkflowActor-SubWorkflow-PreProcessFastqs:-1:1 [UUID(b400cacc)]: Starting ConvertPairedFastQsToUnmappedBamWf.CreateFoFN
2018-10-11 14:55:32,518 INFO  - PipelinesApiAsyncBackendJobExecutionActor [UUID(b400cacc)ConvertPairedFastQsToUnmappedBamWf.CreateFoFN:NA:1]: `mv /cromwell_root/ngb_cloud/cromwell-execution/FullPipeline/6c26de66-1dd8-419f-9f44-b4620fa457da/call-PreProcessFastqs/PreProcessFastq.ConvertPairedFastQsToUnmappedBamWf/b400cacc-14c0-4c25-a3f4-537fe7d99b98/call-CreateFoFN/write_lines_2ee4fadd783c5c509be62d770b9c302d.tmp  NGB0-075_unmapped_bam.list`
2018-10-11 14:56:00,897 INFO  - PipelinesApiAsyncBackendJobExecutionActor [UUID(b400cacc)ConvertPairedFastQsToUnmappedBamWf.CreateFoFN:NA:1]: job id: operations/EKTeyI3mLBiq7ImZu-e0vL0BIMiRiJ3_CyoPcHJvZHVjdGlvblF1ZXVl
2018-10-11 14:56:32,319 INFO  - PipelinesApiAsyncBackendJobExecutionActor [UUID(b400cacc)ConvertPairedFastQsToUnmappedBamWf.CreateFoFN:NA:1]: Status change from - to Running
2018-10-11 14:59:20,300 INFO  - PipelinesApiAsyncBackendJobExecutionActor [UUID(b400cacc)ConvertPairedFastQsToUnmappedBamWf.CreateFoFN:NA:1]: Status change from Running to Success
2018-10-11 14:59:22,564 INFO  - b400cacc-14c0-4c25-a3f4-537fe7d99b98-SubWorkflowActor-SubWorkflow-PreProcessFastqs:-1:1 [UUID(b400cacc)]: Workflow PreProcessFastq.ConvertPairedFastQsToUnmappedBamWf complete. Final Outputs:
{
  "ConvertPairedFastQsToUnmappedBamWf.output_bams": ["gs://ngb_cloud/cromwell-execution/FullPipeline/6c26de66-1dd8-419f-9f44-b4620fa457da/call-PreProcessFastqs/PreProcessFastq.ConvertPairedFastQsToUnmappedBamWf/b400cacc-14c0-4c25-a3f4-537fe7d99b98/call-PairedFastQsToUnmappedBAM/shard-0/NGB0-075-KOD-NEB-18-2.unmapped.bam"],
  "ConvertPairedFastQsToUnmappedBamWf.unmapped_bam_list": "gs://ngb_cloud/cromwell-execution/FullPipeline/6c26de66-1dd8-419f-9f44-b4620fa457da/call-PreProcessFastqs/PreProcessFastq.ConvertPairedFastQsToUnmappedBamWf/b400cacc-14c0-4c25-a3f4-537fe7d99b98/call-CreateFoFN/NGB0-075_unmapped_bam.list"
}
