2018-10-11 09:54:45,268 INFO  - 40144af3-714b-42a6-844e-9befcfbfb7c6-SubWorkflowActor-SubWorkflow-PreProcessFastq:-1:1 [UUID(40144af3)]: Starting ConvertPairedFastQsToUnmappedBamWf.PairedFastQsToUnmappedBAM
2018-10-11 09:54:47,170 INFO  - PipelinesApiAsyncBackendJobExecutionActor [UUID(40144af3)ConvertPairedFastQsToUnmappedBamWf.PairedFastQsToUnmappedBAM:0:1]: `/gatk/gatk --java-options "-Xmx3000m" \
FastqToSam \
--FASTQ /cromwell_root/ngb_cloud/fastq/NGB0-075-KOD-NEB-18-2_S24_L001_R1_001.fastq.gz \
--FASTQ2 /cromwell_root/ngb_cloud/fastq/NGB0-075-KOD-NEB-18-2_S24_L001_R2_001.fastq.gz \
--OUTPUT NGB0-075-KOD-NEB-18-2.unmapped.bam \
--READ_GROUP_NAME NGB0-075-KOD-NEB-18-2 \
--SAMPLE_NAME NGB0-075-KOD-NEB-18-2 \
--LIBRARY_NAME Illumina-NGB0-075 \
--PLATFORM_UNIT H06HDADXX130110.2.ATCACGAT \
--RUN_DATE 2016-09-01T02:00:00+0200 \
--PLATFORM illumina \
--SEQUENCING_CENTER BI`
2018-10-11 09:55:16,375 INFO  - PipelinesApiAsyncBackendJobExecutionActor [UUID(40144af3)ConvertPairedFastQsToUnmappedBamWf.PairedFastQsToUnmappedBAM:0:1]: job id: operations/EJ-l-4TmLBiJ2PvMhaL4rqEBIMiRiJ3_CyoPcHJvZHVjdGlvblF1ZXVl
2018-10-11 09:55:45,094 INFO  - PipelinesApiAsyncBackendJobExecutionActor [UUID(40144af3)ConvertPairedFastQsToUnmappedBamWf.PairedFastQsToUnmappedBAM:0:1]: Status change from - to Running
2018-10-11 10:00:13,470 INFO  - PipelinesApiAsyncBackendJobExecutionActor [UUID(40144af3)ConvertPairedFastQsToUnmappedBamWf.PairedFastQsToUnmappedBAM:0:1]: Status change from Running to Preempted
2018-10-11 10:00:16,378 INFO  - 40144af3-714b-42a6-844e-9befcfbfb7c6-SubWorkflowActor-SubWorkflow-PreProcessFastq:-1:1 [UUID(40144af3)]: Retrying job execution for ConvertPairedFastQsToUnmappedBamWf.PairedFastQsToUnmappedBAM:0:2
2018-10-11 10:00:16,666 INFO  - 40144af3-714b-42a6-844e-9befcfbfb7c6-SubWorkflowActor-SubWorkflow-PreProcessFastq:-1:1 [UUID(40144af3)]: Starting ConvertPairedFastQsToUnmappedBamWf.PairedFastQsToUnmappedBAM
2018-10-11 10:00:17,266 INFO  - PipelinesApiAsyncBackendJobExecutionActor [UUID(40144af3)ConvertPairedFastQsToUnmappedBamWf.PairedFastQsToUnmappedBAM:0:2]: `/gatk/gatk --java-options "-Xmx3000m" \
FastqToSam \
--FASTQ /cromwell_root/ngb_cloud/fastq/NGB0-075-KOD-NEB-18-2_S24_L001_R1_001.fastq.gz \
--FASTQ2 /cromwell_root/ngb_cloud/fastq/NGB0-075-KOD-NEB-18-2_S24_L001_R2_001.fastq.gz \
--OUTPUT NGB0-075-KOD-NEB-18-2.unmapped.bam \
--READ_GROUP_NAME NGB0-075-KOD-NEB-18-2 \
--SAMPLE_NAME NGB0-075-KOD-NEB-18-2 \
--LIBRARY_NAME Illumina-NGB0-075 \
--PLATFORM_UNIT H06HDADXX130110.2.ATCACGAT \
--RUN_DATE 2016-09-01T02:00:00+0200 \
--PLATFORM illumina \
--SEQUENCING_CENTER BI`
2018-10-11 10:00:51,354 INFO  - PipelinesApiAsyncBackendJobExecutionActor [UUID(40144af3)ConvertPairedFastQsToUnmappedBamWf.PairedFastQsToUnmappedBAM:0:2]: job id: operations/EPLkj4XmLBiQw9GN9vzf5kMgyJGInf8LKg9wcm9kdWN0aW9uUXVldWU
2018-10-11 10:01:21,326 INFO  - PipelinesApiAsyncBackendJobExecutionActor [UUID(40144af3)ConvertPairedFastQsToUnmappedBamWf.PairedFastQsToUnmappedBAM:0:2]: Status change from - to Running
2018-10-11 10:04:42,672 INFO  - PipelinesApiAsyncBackendJobExecutionActor [UUID(40144af3)ConvertPairedFastQsToUnmappedBamWf.PairedFastQsToUnmappedBAM:0:2]: Status change from Running to Success
2018-10-11 10:04:46,565 INFO  - 40144af3-714b-42a6-844e-9befcfbfb7c6-SubWorkflowActor-SubWorkflow-PreProcessFastq:-1:1 [UUID(40144af3)]: Starting ConvertPairedFastQsToUnmappedBamWf.CreateFoFN
2018-10-11 10:04:52,932 INFO  - PipelinesApiAsyncBackendJobExecutionActor [UUID(40144af3)ConvertPairedFastQsToUnmappedBamWf.CreateFoFN:NA:1]: `mv /cromwell_root/ngb_cloud/cromwell-execution/FullPipeline/e0a02dec-7417-4a73-8ddb-2cfcbd7434f1/call-PreProcessFastq/PreProcess.ConvertPairedFastQsToUnmappedBamWf/40144af3-714b-42a6-844e-9befcfbfb7c6/call-CreateFoFN/write_lines_9b6f4e368d4ff03490b635cb50ed3a72.tmp  NGB0-075_unmapped_bam.list`
2018-10-11 10:05:16,355 INFO  - PipelinesApiAsyncBackendJobExecutionActor [UUID(40144af3)ConvertPairedFastQsToUnmappedBamWf.CreateFoFN:NA:1]: job id: operations/ELGVoIXmLBiEgt6f_en3gOMBIMiRiJ3_CyoPcHJvZHVjdGlvblF1ZXVl
2018-10-11 10:05:50,369 INFO  - PipelinesApiAsyncBackendJobExecutionActor [UUID(40144af3)ConvertPairedFastQsToUnmappedBamWf.CreateFoFN:NA:1]: Status change from - to Running
2018-10-11 10:09:11,690 INFO  - PipelinesApiAsyncBackendJobExecutionActor [UUID(40144af3)ConvertPairedFastQsToUnmappedBamWf.CreateFoFN:NA:1]: Status change from Running to Success
2018-10-11 10:09:13,597 INFO  - 40144af3-714b-42a6-844e-9befcfbfb7c6-SubWorkflowActor-SubWorkflow-PreProcessFastq:-1:1 [UUID(40144af3)]: Workflow PreProcess.ConvertPairedFastQsToUnmappedBamWf complete. Final Outputs:
{
  "ConvertPairedFastQsToUnmappedBamWf.output_bams": ["gs://ngb_cloud/cromwell-execution/FullPipeline/e0a02dec-7417-4a73-8ddb-2cfcbd7434f1/call-PreProcessFastq/PreProcess.ConvertPairedFastQsToUnmappedBamWf/40144af3-714b-42a6-844e-9befcfbfb7c6/call-PairedFastQsToUnmappedBAM/shard-0/attempt-2/NGB0-075-KOD-NEB-18-2.unmapped.bam"],
  "ConvertPairedFastQsToUnmappedBamWf.unmapped_bam_list": "gs://ngb_cloud/cromwell-execution/FullPipeline/e0a02dec-7417-4a73-8ddb-2cfcbd7434f1/call-PreProcessFastq/PreProcess.ConvertPairedFastQsToUnmappedBamWf/40144af3-714b-42a6-844e-9befcfbfb7c6/call-CreateFoFN/NGB0-075_unmapped_bam.list"
}
