2018-10-16 09:04:02,930 INFO  - e9894615-4af7-427c-9d29-71ee20f30bb6-SubWorkflowActor-SubWorkflow-PreProcessFastqs:-1:1 [UUID(e9894615)]: Starting ConvertPairedFastQsToUnmappedBamWf.PairedFastQsToUnmappedBAM
2018-10-16 09:04:05,516 INFO  - PipelinesApiAsyncBackendJobExecutionActor [UUID(e9894615)ConvertPairedFastQsToUnmappedBamWf.PairedFastQsToUnmappedBAM:0:1]: `/gatk/gatk --java-options "-Xmx3000m" \
FastqToSam \
--FASTQ /cromwell_root/ngb_cloud/fastq/NGB0-075-KOD-NEB-18-2_S24_L001_R1_001.fastq.gz \
--FASTQ2 /cromwell_root/ngb_cloud/fastq/NGB0-075-KOD-NEB-18-2_S24_L001_R2_001.fastq.gz \
--OUTPUT NGB0-075-KOD-NEB-18-2.unmapped.bam \
--READ_GROUP_NAME NGB0-075-KOD-NEB-18-2 \
--SAMPLE_NAME NGB0-075-KOD-NEB-18-2 \
--LIBRARY_NAME Illumina-NGB0-075 \
--PLATFORM_UNIT H06HDADXX130110.2.ATCACGAT \
--RUN_DATE 2016-09-01T02:00:00+0200 \
--PLATFORM illumina \
--SEQUENCING_CENTER BI`
2018-10-16 09:04:35,763 INFO  - PipelinesApiAsyncBackendJobExecutionActor [UUID(e9894615)ConvertPairedFastQsToUnmappedBamWf.PairedFastQsToUnmappedBAM:0:1]: job id: operations/ELCSwdHnLBiahbLf3tvByuIBIMiRiJ3_CyoPcHJvZHVjdGlvblF1ZXVl
2018-10-16 09:04:37,293 INFO  - PipelinesApiAsyncBackendJobExecutionActor [UUID(e9894615)ConvertPairedFastQsToUnmappedBamWf.PairedFastQsToUnmappedBAM:0:1]: Status change from - to Initializing
2018-10-16 09:05:43,094 INFO  - PipelinesApiAsyncBackendJobExecutionActor [UUID(e9894615)ConvertPairedFastQsToUnmappedBamWf.PairedFastQsToUnmappedBAM:0:1]: Status change from Initializing to Running
2018-10-16 09:07:24,364 INFO  - PipelinesApiAsyncBackendJobExecutionActor [UUID(e9894615)ConvertPairedFastQsToUnmappedBamWf.PairedFastQsToUnmappedBAM:0:1]: Status change from Running to Success
2018-10-16 09:07:28,451 INFO  - e9894615-4af7-427c-9d29-71ee20f30bb6-SubWorkflowActor-SubWorkflow-PreProcessFastqs:-1:1 [UUID(e9894615)]: Starting ConvertPairedFastQsToUnmappedBamWf.CreateFoFN
2018-10-16 09:07:32,254 INFO  - PipelinesApiAsyncBackendJobExecutionActor [UUID(e9894615)ConvertPairedFastQsToUnmappedBamWf.CreateFoFN:NA:1]: `mv /cromwell_root/ngb_cloud/cromwell-execution/FullPipeline/e683145c-0e43-4b36-872e-b5551c4cb160/call-PreProcessFastqs/PreProcessFastq.ConvertPairedFastQsToUnmappedBamWf/e9894615-4af7-427c-9d29-71ee20f30bb6/call-CreateFoFN/write_lines_5262f1cf1f1601f035ca74d385a2d2c1.tmp  NGB0-075_unmapped_bam.list`
2018-10-16 09:08:00,763 INFO  - PipelinesApiAsyncBackendJobExecutionActor [UUID(e9894615)ConvertPairedFastQsToUnmappedBamWf.CreateFoFN:NA:1]: job id: operations/EKTDzdHnLBieo_zQjMuZmhIgyJGInf8LKg9wcm9kdWN0aW9uUXVldWU
2018-10-16 09:08:32,036 INFO  - PipelinesApiAsyncBackendJobExecutionActor [UUID(e9894615)ConvertPairedFastQsToUnmappedBamWf.CreateFoFN:NA:1]: Status change from - to Running
2018-10-16 09:11:20,040 INFO  - PipelinesApiAsyncBackendJobExecutionActor [UUID(e9894615)ConvertPairedFastQsToUnmappedBamWf.CreateFoFN:NA:1]: Status change from Running to Success
2018-10-16 09:11:23,465 INFO  - e9894615-4af7-427c-9d29-71ee20f30bb6-SubWorkflowActor-SubWorkflow-PreProcessFastqs:-1:1 [UUID(e9894615)]: Workflow PreProcessFastq.ConvertPairedFastQsToUnmappedBamWf complete. Final Outputs:
{
  "ConvertPairedFastQsToUnmappedBamWf.unmapped_bam_list": "gs://ngb_cloud/cromwell-execution/FullPipeline/e683145c-0e43-4b36-872e-b5551c4cb160/call-PreProcessFastqs/PreProcessFastq.ConvertPairedFastQsToUnmappedBamWf/e9894615-4af7-427c-9d29-71ee20f30bb6/call-CreateFoFN/NGB0-075_unmapped_bam.list",
  "ConvertPairedFastQsToUnmappedBamWf.output_bams": ["gs://ngb_cloud/cromwell-execution/FullPipeline/e683145c-0e43-4b36-872e-b5551c4cb160/call-PreProcessFastqs/PreProcessFastq.ConvertPairedFastQsToUnmappedBamWf/e9894615-4af7-427c-9d29-71ee20f30bb6/call-PairedFastQsToUnmappedBAM/shard-0/NGB0-075-KOD-NEB-18-2.unmapped.bam"]
}
