2018-10-15 11:35:44,566 INFO  - 14e27654-de1a-4956-9b1f-603e93ec753a-SubWorkflowActor-SubWorkflow-PreProcessFastqs:-1:1 [UUID(14e27654)]: Starting ConvertPairedFastQsToUnmappedBamWf.PairedFastQsToUnmappedBAM
2018-10-15 11:35:45,735 INFO  - PipelinesApiAsyncBackendJobExecutionActor [UUID(14e27654)ConvertPairedFastQsToUnmappedBamWf.PairedFastQsToUnmappedBAM:0:1]: `/gatk/gatk --java-options "-Xmx3000m" \
FastqToSam \
--FASTQ /cromwell_root/ngb_cloud/fastq/NGB0-075-KOD-NEB-18-2_S24_L001_R1_001.fastq.gz \
--FASTQ2 /cromwell_root/ngb_cloud/fastq/NGB0-075-KOD-NEB-18-2_S24_L001_R2_001.fastq.gz \
--OUTPUT NGB0-075-KOD-NEB-18-2.unmapped.bam \
--READ_GROUP_NAME NGB0-075-KOD-NEB-18-2 \
--SAMPLE_NAME NGB0-075-KOD-NEB-18-2 \
--LIBRARY_NAME Illumina-NGB0-075 \
--PLATFORM_UNIT H06HDADXX130110.2.ATCACGAT \
--RUN_DATE 2016-09-01T02:00:00+0200 \
--PLATFORM illumina \
--SEQUENCING_CENTER BI`
2018-10-15 11:36:13,767 INFO  - PipelinesApiAsyncBackendJobExecutionActor [UUID(14e27654)ConvertPairedFastQsToUnmappedBamWf.PairedFastQsToUnmappedBAM:0:1]: job id: operations/EK3j0qznLBjCu_Cvtez2_kQgyJGInf8LKg9wcm9kdWN0aW9uUXVldWU
2018-10-15 11:36:42,580 INFO  - PipelinesApiAsyncBackendJobExecutionActor [UUID(14e27654)ConvertPairedFastQsToUnmappedBamWf.PairedFastQsToUnmappedBAM:0:1]: Status change from - to Running
2018-10-15 11:39:30,643 INFO  - PipelinesApiAsyncBackendJobExecutionActor [UUID(14e27654)ConvertPairedFastQsToUnmappedBamWf.PairedFastQsToUnmappedBAM:0:1]: Status change from Running to Success
2018-10-15 11:39:34,266 INFO  - 14e27654-de1a-4956-9b1f-603e93ec753a-SubWorkflowActor-SubWorkflow-PreProcessFastqs:-1:1 [UUID(14e27654)]: Starting ConvertPairedFastQsToUnmappedBamWf.CreateFoFN
2018-10-15 11:39:41,165 INFO  - PipelinesApiAsyncBackendJobExecutionActor [UUID(14e27654)ConvertPairedFastQsToUnmappedBamWf.CreateFoFN:NA:1]: `mv /cromwell_root/ngb_cloud/cromwell-execution/FullPipeline/8213fbe2-98bc-4f85-a73e-8d250480068b/call-PreProcessFastqs/PreProcessFastq.ConvertPairedFastQsToUnmappedBamWf/14e27654-de1a-4956-9b1f-603e93ec753a/call-CreateFoFN/write_lines_89b9f3f3a7d966f30a2c29db646a4129.tmp  NGB0-075_unmapped_bam.list`
2018-10-15 11:40:08,742 INFO  - PipelinesApiAsyncBackendJobExecutionActor [UUID(14e27654)ConvertPairedFastQsToUnmappedBamWf.CreateFoFN:NA:1]: job id: operations/EPiN4aznLBimjtTg1syesGIgyJGInf8LKg9wcm9kdWN0aW9uUXVldWU
2018-10-15 11:40:38,286 INFO  - PipelinesApiAsyncBackendJobExecutionActor [UUID(14e27654)ConvertPairedFastQsToUnmappedBamWf.CreateFoFN:NA:1]: Status change from - to Running
2018-10-15 11:43:59,629 INFO  - PipelinesApiAsyncBackendJobExecutionActor [UUID(14e27654)ConvertPairedFastQsToUnmappedBamWf.CreateFoFN:NA:1]: Status change from Running to Success
2018-10-15 11:44:02,499 INFO  - 14e27654-de1a-4956-9b1f-603e93ec753a-SubWorkflowActor-SubWorkflow-PreProcessFastqs:-1:1 [UUID(14e27654)]: Workflow PreProcessFastq.ConvertPairedFastQsToUnmappedBamWf complete. Final Outputs:
{
  "ConvertPairedFastQsToUnmappedBamWf.unmapped_bam_list": "gs://ngb_cloud/cromwell-execution/FullPipeline/8213fbe2-98bc-4f85-a73e-8d250480068b/call-PreProcessFastqs/PreProcessFastq.ConvertPairedFastQsToUnmappedBamWf/14e27654-de1a-4956-9b1f-603e93ec753a/call-CreateFoFN/NGB0-075_unmapped_bam.list",
  "ConvertPairedFastQsToUnmappedBamWf.output_bams": ["gs://ngb_cloud/cromwell-execution/FullPipeline/8213fbe2-98bc-4f85-a73e-8d250480068b/call-PreProcessFastqs/PreProcessFastq.ConvertPairedFastQsToUnmappedBamWf/14e27654-de1a-4956-9b1f-603e93ec753a/call-PairedFastQsToUnmappedBAM/shard-0/NGB0-075-KOD-NEB-18-2.unmapped.bam"]
}
