2018-10-12 10:50:01,035 INFO  - 8a80c037-816b-4dcc-a84a-f7895a737f03-SubWorkflowActor-SubWorkflow-PreProcessFastqs:-1:1 [UUID(8a80c037)]: Starting ConvertPairedFastQsToUnmappedBamWf.PairedFastQsToUnmappedBAM
2018-10-12 10:50:02,931 INFO  - PipelinesApiAsyncBackendJobExecutionActor [UUID(8a80c037)ConvertPairedFastQsToUnmappedBamWf.PairedFastQsToUnmappedBAM:0:1]: `/gatk/gatk --java-options "-Xmx3000m" \
FastqToSam \
--FASTQ /cromwell_root/ngb_cloud/fastq/NGB0-075-KOD-NEB-18-2_S24_L001_R1_001.fastq.gz \
--FASTQ2 /cromwell_root/ngb_cloud/fastq/NGB0-075-KOD-NEB-18-2_S24_L001_R2_001.fastq.gz \
--OUTPUT NGB0-075-KOD-NEB-18-2.unmapped.bam \
--READ_GROUP_NAME NGB0-075-KOD-NEB-18-2 \
--SAMPLE_NAME NGB0-075-KOD-NEB-18-2 \
--LIBRARY_NAME Illumina-NGB0-075 \
--PLATFORM_UNIT H06HDADXX130110.2.ATCACGAT \
--RUN_DATE 2016-09-01T02:00:00+0200 \
--PLATFORM illumina \
--SEQUENCING_CENTER BI`
2018-10-12 10:50:31,077 INFO  - PipelinesApiAsyncBackendJobExecutionActor [UUID(8a80c037)ConvertPairedFastQsToUnmappedBamWf.PairedFastQsToUnmappedBAM:0:1]: job id: operations/EKyF36_mLBjq8r2e05vrmSogyJGInf8LKg9wcm9kdWN0aW9uUXVldWU
2018-10-12 10:50:59,830 INFO  - PipelinesApiAsyncBackendJobExecutionActor [UUID(8a80c037)ConvertPairedFastQsToUnmappedBamWf.PairedFastQsToUnmappedBAM:0:1]: Status change from - to Running
2018-10-12 10:53:47,823 INFO  - PipelinesApiAsyncBackendJobExecutionActor [UUID(8a80c037)ConvertPairedFastQsToUnmappedBamWf.PairedFastQsToUnmappedBAM:0:1]: Status change from Running to Success
2018-10-12 10:53:50,744 INFO  - 8a80c037-816b-4dcc-a84a-f7895a737f03-SubWorkflowActor-SubWorkflow-PreProcessFastqs:-1:1 [UUID(8a80c037)]: Starting ConvertPairedFastQsToUnmappedBamWf.CreateFoFN
2018-10-12 10:53:52,566 INFO  - PipelinesApiAsyncBackendJobExecutionActor [UUID(8a80c037)ConvertPairedFastQsToUnmappedBamWf.CreateFoFN:NA:1]: `mv /cromwell_root/ngb_cloud/cromwell-execution/FullPipeline/6d58c016-f539-4032-8400-781463555d55/call-PreProcessFastqs/PreProcessFastq.ConvertPairedFastQsToUnmappedBamWf/8a80c037-816b-4dcc-a84a-f7895a737f03/call-CreateFoFN/write_lines_0179e19199073b3b95c957ec90d3207c.tmp  NGB0-075_unmapped_bam.list`
2018-10-12 10:54:26,034 INFO  - PipelinesApiAsyncBackendJobExecutionActor [UUID(8a80c037)ConvertPairedFastQsToUnmappedBamWf.CreateFoFN:NA:1]: job id: operations/EPmw7a_mLBjCjs7Ih5vUwtIBIMiRiJ3_CyoPcHJvZHVjdGlvblF1ZXVl
2018-10-12 10:54:55,708 INFO  - PipelinesApiAsyncBackendJobExecutionActor [UUID(8a80c037)ConvertPairedFastQsToUnmappedBamWf.CreateFoFN:NA:1]: Status change from - to Running
2018-10-12 10:58:16,999 INFO  - PipelinesApiAsyncBackendJobExecutionActor [UUID(8a80c037)ConvertPairedFastQsToUnmappedBamWf.CreateFoFN:NA:1]: Status change from Running to Success
2018-10-12 10:58:19,104 INFO  - 8a80c037-816b-4dcc-a84a-f7895a737f03-SubWorkflowActor-SubWorkflow-PreProcessFastqs:-1:1 [UUID(8a80c037)]: Workflow PreProcessFastq.ConvertPairedFastQsToUnmappedBamWf complete. Final Outputs:
{
  "ConvertPairedFastQsToUnmappedBamWf.unmapped_bam_list": "gs://ngb_cloud/cromwell-execution/FullPipeline/6d58c016-f539-4032-8400-781463555d55/call-PreProcessFastqs/PreProcessFastq.ConvertPairedFastQsToUnmappedBamWf/8a80c037-816b-4dcc-a84a-f7895a737f03/call-CreateFoFN/NGB0-075_unmapped_bam.list",
  "ConvertPairedFastQsToUnmappedBamWf.output_bams": ["gs://ngb_cloud/cromwell-execution/FullPipeline/6d58c016-f539-4032-8400-781463555d55/call-PreProcessFastqs/PreProcessFastq.ConvertPairedFastQsToUnmappedBamWf/8a80c037-816b-4dcc-a84a-f7895a737f03/call-PairedFastQsToUnmappedBAM/shard-0/NGB0-075-KOD-NEB-18-2.unmapped.bam"]
}
