2018-10-12 14:31:53,516 INFO  - d481a28d-73c1-4174-9b83-fec29361a204-SubWorkflowActor-SubWorkflow-PreProcessFastqs:-1:1 [UUID(d481a28d)]: Starting ConvertPairedFastQsToUnmappedBamWf.PairedFastQsToUnmappedBAM
2018-10-12 14:31:54,690 INFO  - PipelinesApiAsyncBackendJobExecutionActor [UUID(d481a28d)ConvertPairedFastQsToUnmappedBamWf.PairedFastQsToUnmappedBAM:0:1]: `/gatk/gatk --java-options "-Xmx3000m" \
FastqToSam \
--FASTQ /cromwell_root/ngb_cloud/fastq/NGB0-075-KOD-NEB-18-2_S24_L001_R1_001.fastq.gz \
--FASTQ2 /cromwell_root/ngb_cloud/fastq/NGB0-075-KOD-NEB-18-2_S24_L001_R2_001.fastq.gz \
--OUTPUT NGB0-075-KOD-NEB-18-2.unmapped.bam \
--READ_GROUP_NAME NGB0-075-KOD-NEB-18-2 \
--SAMPLE_NAME NGB0-075-KOD-NEB-18-2 \
--LIBRARY_NAME Illumina-NGB0-075 \
--PLATFORM_UNIT H06HDADXX130110.2.ATCACGAT \
--RUN_DATE 2016-09-01T02:00:00+0200 \
--PLATFORM illumina \
--SEQUENCING_CENTER BI`
2018-10-12 14:32:22,932 INFO  - PipelinesApiAsyncBackendJobExecutionActor [UUID(d481a28d)ConvertPairedFastQsToUnmappedBamWf.PairedFastQsToUnmappedBAM:0:1]: job id: operations/EJ7Ei7bmLBiS7N_Bgbyf_JQBIMiRiJ3_CyoPcHJvZHVjdGlvblF1ZXVl
2018-10-12 14:32:51,653 INFO  - PipelinesApiAsyncBackendJobExecutionActor [UUID(d481a28d)ConvertPairedFastQsToUnmappedBamWf.PairedFastQsToUnmappedBAM:0:1]: Status change from - to Running
2018-10-12 14:36:13,158 INFO  - PipelinesApiAsyncBackendJobExecutionActor [UUID(d481a28d)ConvertPairedFastQsToUnmappedBamWf.PairedFastQsToUnmappedBAM:0:1]: Status change from Running to Success
2018-10-12 14:36:16,867 INFO  - d481a28d-73c1-4174-9b83-fec29361a204-SubWorkflowActor-SubWorkflow-PreProcessFastqs:-1:1 [UUID(d481a28d)]: Starting ConvertPairedFastQsToUnmappedBamWf.CreateFoFN
2018-10-12 14:36:19,356 INFO  - PipelinesApiAsyncBackendJobExecutionActor [UUID(d481a28d)ConvertPairedFastQsToUnmappedBamWf.CreateFoFN:NA:1]: `mv /cromwell_root/ngb_cloud/cromwell-execution/FullPipeline/a276028b-6243-485d-bb4d-724cd856df4f/call-PreProcessFastqs/PreProcessFastq.ConvertPairedFastQsToUnmappedBamWf/d481a28d-73c1-4174-9b83-fec29361a204/call-CreateFoFN/write_lines_3cfd16ab6cb4ff76d98aa460c9ae8fad.tmp  NGB0-075_unmapped_bam.list`
2018-10-12 14:36:47,900 INFO  - PipelinesApiAsyncBackendJobExecutionActor [UUID(d481a28d)ConvertPairedFastQsToUnmappedBamWf.CreateFoFN:NA:1]: job id: operations/EIj4m7bmLBjg5e72rN3InH0gyJGInf8LKg9wcm9kdWN0aW9uUXVldWU
2018-10-12 14:37:20,910 INFO  - PipelinesApiAsyncBackendJobExecutionActor [UUID(d481a28d)ConvertPairedFastQsToUnmappedBamWf.CreateFoFN:NA:1]: Status change from - to Running
2018-10-12 14:40:42,230 INFO  - PipelinesApiAsyncBackendJobExecutionActor [UUID(d481a28d)ConvertPairedFastQsToUnmappedBamWf.CreateFoFN:NA:1]: Status change from Running to Success
2018-10-12 14:40:44,587 INFO  - d481a28d-73c1-4174-9b83-fec29361a204-SubWorkflowActor-SubWorkflow-PreProcessFastqs:-1:1 [UUID(d481a28d)]: Workflow PreProcessFastq.ConvertPairedFastQsToUnmappedBamWf complete. Final Outputs:
{
  "ConvertPairedFastQsToUnmappedBamWf.output_bams": ["gs://ngb_cloud/cromwell-execution/FullPipeline/a276028b-6243-485d-bb4d-724cd856df4f/call-PreProcessFastqs/PreProcessFastq.ConvertPairedFastQsToUnmappedBamWf/d481a28d-73c1-4174-9b83-fec29361a204/call-PairedFastQsToUnmappedBAM/shard-0/NGB0-075-KOD-NEB-18-2.unmapped.bam"],
  "ConvertPairedFastQsToUnmappedBamWf.unmapped_bam_list": "gs://ngb_cloud/cromwell-execution/FullPipeline/a276028b-6243-485d-bb4d-724cd856df4f/call-PreProcessFastqs/PreProcessFastq.ConvertPairedFastQsToUnmappedBamWf/d481a28d-73c1-4174-9b83-fec29361a204/call-CreateFoFN/NGB0-075_unmapped_bam.list"
}
