2018-10-15 08:38:21,036 INFO  - 2be7cf4e-aa01-4850-bcfb-7ba579dcfabd-SubWorkflowActor-SubWorkflow-M2Pair:-1:1 [UUID(2be7cf4e)]: Starting Mutect2.SplitIntervals
2018-10-15 08:38:21,743 INFO  - PipelinesApiAsyncBackendJobExecutionActor [UUID(2be7cf4e)Mutect2.SplitIntervals:NA:1]: `set -e
export GATK_LOCAL_JAR=/root/gatk.jar

mkdir interval-files
gatk --java-options "-Xmx3000m" SplitIntervals \
    -R /cromwell_root/gatk-legacy-bundles/b37/human_g1k_v37_decoy.fasta \
    -L /cromwell_root/gatk-best-practices/somatic-b37/whole_exome_agilent_1.1_refseq_plus_3_boosters.Homo_sapiens_assembly19.baits.interval_list \
    -scatter 1 \
    -O interval-files \
    
cp interval-files/*.intervals .`
2018-10-15 08:38:22,155 INFO  - 2be7cf4e-aa01-4850-bcfb-7ba579dcfabd-SubWorkflowActor-SubWorkflow-M2Pair:-1:1 [UUID(2be7cf4e)]: Starting Mutect2.CollectSequencingArtifactMetrics
2018-10-15 08:38:22,742 INFO  - PipelinesApiAsyncBackendJobExecutionActor [UUID(2be7cf4e)Mutect2.CollectSequencingArtifactMetrics:NA:1]: `set -e
export GATK_LOCAL_JAR=/root/gatk.jar
gatk --java-options "-Xmx6000m" CollectSequencingArtifactMetrics \
    -I /cromwell_root/ngb_cloud/cromwell-execution/FullPipeline/d1c765a1-e7e9-4013-b2f7-5535a9010f0c/call-PreProcessTumor/PreProcess.PreProcessingForVariantDiscovery_GATK4/0f9e7d13-7336-474a-b479-646d2c3918bc/call-GatherBamFiles/NGB0-075-KOD-NEB-18-2.b37.bam -O "gatk" -R /cromwell_root/gatk-legacy-bundles/b37/human_g1k_v37_decoy.fasta -VALIDATION_STRINGENCY LENIENT`
2018-10-15 08:38:53,827 INFO  - PipelinesApiAsyncBackendJobExecutionActor [UUID(2be7cf4e)Mutect2.SplitIntervals:NA:1]: job id: operations/EIrIyafnLBi47JeM76C8oC0gyJGInf8LKg9wcm9kdWN0aW9uUXVldWU
2018-10-15 08:38:53,827 INFO  - PipelinesApiAsyncBackendJobExecutionActor [UUID(2be7cf4e)Mutect2.CollectSequencingArtifactMetrics:NA:1]: job id: operations/ENTHyafnLBj9r42SlYX4rvMBIMiRiJ3_CyoPcHJvZHVjdGlvblF1ZXVl
2018-10-15 08:39:26,454 INFO  - PipelinesApiAsyncBackendJobExecutionActor [UUID(2be7cf4e)Mutect2.SplitIntervals:NA:1]: Status change from - to Running
2018-10-15 08:39:26,460 INFO  - PipelinesApiAsyncBackendJobExecutionActor [UUID(2be7cf4e)Mutect2.CollectSequencingArtifactMetrics:NA:1]: Status change from - to Running
2018-10-15 08:43:22,347 INFO  - PipelinesApiAsyncBackendJobExecutionActor [UUID(2be7cf4e)Mutect2.CollectSequencingArtifactMetrics:NA:1]: Status change from Running to Success
2018-10-15 08:46:09,908 INFO  - PipelinesApiAsyncBackendJobExecutionActor [UUID(2be7cf4e)Mutect2.SplitIntervals:NA:1]: Status change from Running to Success
2018-10-15 08:46:14,946 INFO  - 2be7cf4e-aa01-4850-bcfb-7ba579dcfabd-SubWorkflowActor-SubWorkflow-M2Pair:-1:1 [UUID(2be7cf4e)]: Starting Mutect2.M2
2018-10-15 08:46:15,746 INFO  - PipelinesApiAsyncBackendJobExecutionActor [UUID(2be7cf4e)Mutect2.M2:0:1]: `set -e

export GATK_LOCAL_JAR=/root/gatk.jar

# We need to create these files regardless, even if they stay empty
touch bamout.bam
echo "" > normal_name.txt

gatk --java-options "-Xmx3000m" GetSampleName -R /cromwell_root/gatk-legacy-bundles/b37/human_g1k_v37_decoy.fasta -I /cromwell_root/ngb_cloud/cromwell-execution/FullPipeline/d1c765a1-e7e9-4013-b2f7-5535a9010f0c/call-PreProcessTumor/PreProcess.PreProcessingForVariantDiscovery_GATK4/0f9e7d13-7336-474a-b479-646d2c3918bc/call-GatherBamFiles/NGB0-075-KOD-NEB-18-2.b37.bam -O tumor_name.txt -encode
tumor_command_line="-I /cromwell_root/ngb_cloud/cromwell-execution/FullPipeline/d1c765a1-e7e9-4013-b2f7-5535a9010f0c/call-PreProcessTumor/PreProcess.PreProcessingForVariantDiscovery_GATK4/0f9e7d13-7336-474a-b479-646d2c3918bc/call-GatherBamFiles/NGB0-075-KOD-NEB-18-2.b37.bam -tumor `cat tumor_name.txt`"

if [[ -f "" ]]; then
    gatk --java-options "-Xmx3000m" GetSampleName -R /cromwell_root/gatk-legacy-bundles/b37/human_g1k_v37_decoy.fasta -I  -O normal_name.txt -encode
    normal_command_line="-I  -normal `cat normal_name.txt`"
fi

gatk --java-options "-Xmx3000m" Mutect2 \
    -R /cromwell_root/gatk-legacy-bundles/b37/human_g1k_v37_decoy.fasta \
    $tumor_command_line \
    $normal_command_line \
     \
     \
    -L /cromwell_root/ngb_cloud/cromwell-execution/FullPipeline/d1c765a1-e7e9-4013-b2f7-5535a9010f0c/call-M2Pair/M2.Mutect2/2be7cf4e-aa01-4850-bcfb-7ba579dcfabd/call-SplitIntervals/glob-6f4bc12a708659d4f5f3eecd1cdffff7/0000-scattered.intervals \
     \
    -O "output.vcf" \
     \
     \`
2018-10-15 08:46:43,825 INFO  - PipelinesApiAsyncBackendJobExecutionActor [UUID(2be7cf4e)Mutect2.M2:0:1]: job id: operations/ELin5qfnLBjJlcSf1MbIq1sgyJGInf8LKg9wcm9kdWN0aW9uUXVldWU
2018-10-15 08:47:17,544 INFO  - PipelinesApiAsyncBackendJobExecutionActor [UUID(2be7cf4e)Mutect2.M2:0:1]: Status change from - to Running
2018-10-15 08:54:33,438 INFO  - PipelinesApiAsyncBackendJobExecutionActor [UUID(2be7cf4e)Mutect2.M2:0:1]: Status change from Running to Success
2018-10-15 08:54:47,824 INFO  - 2be7cf4e-aa01-4850-bcfb-7ba579dcfabd-SubWorkflowActor-SubWorkflow-M2Pair:-1:1 [UUID(2be7cf4e)]: Starting Mutect2.SumSubVcfs
2018-10-15 08:54:48,738 INFO  - PipelinesApiAsyncBackendJobExecutionActor [UUID(2be7cf4e)Mutect2.SumSubVcfs:NA:1]: `python -c "print 1.3106E-5"`
2018-10-15 08:55:08,833 INFO  - PipelinesApiAsyncBackendJobExecutionActor [UUID(2be7cf4e)Mutect2.SumSubVcfs:NA:1]: job id: operations/EPaFhajnLBj5ztGAhsq9kvkBIMiRiJ3_CyoPcHJvZHVjdGlvblF1ZXVl
2018-10-15 08:55:40,938 INFO  - PipelinesApiAsyncBackendJobExecutionActor [UUID(2be7cf4e)Mutect2.SumSubVcfs:NA:1]: Status change from - to Running
2018-10-15 08:56:48,058 INFO  - PipelinesApiAsyncBackendJobExecutionActor [UUID(2be7cf4e)Mutect2.SumSubVcfs:NA:1]: Status change from Running to Success
2018-10-15 08:56:51,635 INFO  - 2be7cf4e-aa01-4850-bcfb-7ba579dcfabd-SubWorkflowActor-SubWorkflow-M2Pair:-1:1 [UUID(2be7cf4e)]: Starting Mutect2.MergeVCFs
2018-10-15 08:56:51,738 INFO  - PipelinesApiAsyncBackendJobExecutionActor [UUID(2be7cf4e)Mutect2.MergeVCFs:NA:1]: `set -e
export GATK_LOCAL_JAR=/root/gatk.jar
gatk --java-options "-Xmx2500m" MergeVcfs -I /cromwell_root/ngb_cloud/cromwell-execution/FullPipeline/d1c765a1-e7e9-4013-b2f7-5535a9010f0c/call-M2Pair/M2.Mutect2/2be7cf4e-aa01-4850-bcfb-7ba579dcfabd/call-M2/shard-0/output.vcf -O NGB0-075-KOD-NEB-18-2.b37-unfiltered.vcf`
2018-10-15 08:57:23,825 INFO  - PipelinesApiAsyncBackendJobExecutionActor [UUID(2be7cf4e)Mutect2.MergeVCFs:NA:1]: job id: operations/EIqjjajnLBjatL792PyIneQBIMiRiJ3_CyoPcHJvZHVjdGlvblF1ZXVl
2018-10-15 08:57:55,559 INFO  - PipelinesApiAsyncBackendJobExecutionActor [UUID(2be7cf4e)Mutect2.MergeVCFs:NA:1]: Status change from - to Running
2018-10-15 09:04:04,837 INFO  - PipelinesApiAsyncBackendJobExecutionActor [UUID(2be7cf4e)Mutect2.MergeVCFs:NA:1]: Status change from Running to Success
2018-10-15 09:04:11,485 INFO  - 2be7cf4e-aa01-4850-bcfb-7ba579dcfabd-SubWorkflowActor-SubWorkflow-M2Pair:-1:1 [UUID(2be7cf4e)]: Starting Mutect2.Filter
2018-10-15 09:04:11,740 INFO  - PipelinesApiAsyncBackendJobExecutionActor [UUID(2be7cf4e)Mutect2.Filter:NA:1]: `set -e

export GATK_LOCAL_JAR=/root/gatk.jar

gatk --java-options "-Xmx6500m" FilterMutectCalls -V /cromwell_root/ngb_cloud/cromwell-execution/FullPipeline/d1c765a1-e7e9-4013-b2f7-5535a9010f0c/call-M2Pair/M2.Mutect2/2be7cf4e-aa01-4850-bcfb-7ba579dcfabd/call-MergeVCFs/NGB0-075-KOD-NEB-18-2.b37-unfiltered.vcf \
   -O NGB0-075-KOD-NEB-18-2.b37-filtered.vcf \
    \
    \`
2018-10-15 09:04:38,816 INFO  - PipelinesApiAsyncBackendJobExecutionActor [UUID(2be7cf4e)Mutect2.Filter:NA:1]: job id: operations/ENfyp6jnLBjM7-rQ1Nj358wBIMiRiJ3_CyoPcHJvZHVjdGlvblF1ZXVl
2018-10-15 09:05:11,955 INFO  - PipelinesApiAsyncBackendJobExecutionActor [UUID(2be7cf4e)Mutect2.Filter:NA:1]: Status change from - to Running
2018-10-15 09:08:00,765 INFO  - PipelinesApiAsyncBackendJobExecutionActor [UUID(2be7cf4e)Mutect2.Filter:NA:1]: Status change from Running to Success
2018-10-15 09:08:10,784 INFO  - 2be7cf4e-aa01-4850-bcfb-7ba579dcfabd-SubWorkflowActor-SubWorkflow-M2Pair:-1:1 [UUID(2be7cf4e)]: Starting Mutect2.FilterByOrientationBias
2018-10-15 09:08:11,743 INFO  - PipelinesApiAsyncBackendJobExecutionActor [UUID(2be7cf4e)Mutect2.FilterByOrientationBias:NA:1]: `set -e

export GATK_LOCAL_JAR=/root/gatk.jar

gatk --java-options "-Xmx6500m" FilterByOrientationBias \
    -V /cromwell_root/ngb_cloud/cromwell-execution/FullPipeline/d1c765a1-e7e9-4013-b2f7-5535a9010f0c/call-M2Pair/M2.Mutect2/2be7cf4e-aa01-4850-bcfb-7ba579dcfabd/call-Filter/NGB0-075-KOD-NEB-18-2.b37-filtered.vcf \
    -AM G/T -AM C/T \
    -P /cromwell_root/ngb_cloud/cromwell-execution/FullPipeline/d1c765a1-e7e9-4013-b2f7-5535a9010f0c/call-M2Pair/M2.Mutect2/2be7cf4e-aa01-4850-bcfb-7ba579dcfabd/call-CollectSequencingArtifactMetrics/gatk.pre_adapter_detail_metrics \
    -O NGB0-075-KOD-NEB-18-2.b37-filtered.vcf`
2018-10-15 09:08:33,816 INFO  - PipelinesApiAsyncBackendJobExecutionActor [UUID(2be7cf4e)Mutect2.FilterByOrientationBias:NA:1]: job id: operations/ELSftqjnLBiU97-kxveV-ccBIMiRiJ3_CyoPcHJvZHVjdGlvblF1ZXVl
2018-10-15 09:08:34,402 INFO  - PipelinesApiAsyncBackendJobExecutionActor [UUID(2be7cf4e)Mutect2.FilterByOrientationBias:NA:1]: Status change from - to Initializing
2018-10-15 09:09:40,893 INFO  - PipelinesApiAsyncBackendJobExecutionActor [UUID(2be7cf4e)Mutect2.FilterByOrientationBias:NA:1]: Status change from Initializing to Running
2018-10-15 09:13:02,395 INFO  - PipelinesApiAsyncBackendJobExecutionActor [UUID(2be7cf4e)Mutect2.FilterByOrientationBias:NA:1]: Status change from Running to Success
2018-10-15 09:13:10,765 INFO  - 2be7cf4e-aa01-4850-bcfb-7ba579dcfabd-SubWorkflowActor-SubWorkflow-M2Pair:-1:1 [UUID(2be7cf4e)]: Starting Mutect2.oncotate_m2
2018-10-15 09:13:13,711 INFO  - PipelinesApiAsyncBackendJobExecutionActor [UUID(2be7cf4e)Mutect2.oncotate_m2:NA:1]: `# fail if *any* command below (not just the last) doesn't return 0, in particular if wget fails
set -e

# local db dir is a directory and has been specified
if [[ -d "" ]]; then
    echo "Using local db-dir: "
    echo "THIS ONLY WORKS WITHOUT DOCKER!"
    ln -s  onco_dbdir
elif [[ "" == *.tar.gz ]]; then
    echo "Using given tar file: "
    mkdir onco_dbdir
    tar zxvf  -C onco_dbdir --strip-components 1
else
    echo "Downloading and installing oncotator datasources from Broad FTP site..."
    # Download and untar the db-dir
    wget ftp://gsapubftp-anonymous@ftp.broadinstitute.org/bundle/oncotator/oncotator_v1_ds_April052016.tar.gz
    tar zxvf oncotator_v1_ds_April052016.tar.gz
    ln -s oncotator_v1_ds_April052016 onco_dbdir
fi

/root/oncotator_venv/bin/oncotator --db-dir onco_dbdir/ -c $HOME/tx_exact_uniprot_matches.AKT1_CRLF2_FGFR1.txt  \
    -v /cromwell_root/ngb_cloud/cromwell-execution/FullPipeline/d1c765a1-e7e9-4013-b2f7-5535a9010f0c/call-M2Pair/M2.Mutect2/2be7cf4e-aa01-4850-bcfb-7ba579dcfabd/call-FilterByOrientationBias/NGB0-075-KOD-NEB-18-2.b37-filtered.vcf NGB0-075-KOD-NEB-18-2.maf.annotated hg19 -i VCF -o TCGAMAF --skip-no-alt --collapse-number-annotations --log_name oncotator.log \
    -a Center:BI \
    -a source:Unknown \
    -a normal_barcode: \
    -a tumor_barcode:NGB0-075-KOD-NEB-18-2 \
     \
     --collapse-filter-cols --prune-filter-cols  \`
2018-10-15 09:13:38,815 INFO  - PipelinesApiAsyncBackendJobExecutionActor [UUID(2be7cf4e)Mutect2.oncotate_m2:NA:1]: job id: operations/EIXcyKjnLBjE8syh8d3dl6oBIMiRiJ3_CyoPcHJvZHVjdGlvblF1ZXVl
2018-10-15 09:14:10,090 INFO  - PipelinesApiAsyncBackendJobExecutionActor [UUID(2be7cf4e)Mutect2.oncotate_m2:NA:1]: Status change from - to Running
2018-10-15 09:39:49,182 INFO  - PipelinesApiAsyncBackendJobExecutionActor [UUID(2be7cf4e)Mutect2.oncotate_m2:NA:1]: Status change from Running to Failed
2018-10-15 09:39:53,821 INFO  - 2be7cf4e-aa01-4850-bcfb-7ba579dcfabd-SubWorkflowActor-SubWorkflow-M2Pair:-1:1 [UUID(2be7cf4e)]: Retrying job execution for Mutect2.oncotate_m2:NA:2
2018-10-15 09:39:54,796 INFO  - 2be7cf4e-aa01-4850-bcfb-7ba579dcfabd-SubWorkflowActor-SubWorkflow-M2Pair:-1:1 [UUID(2be7cf4e)]: Starting Mutect2.oncotate_m2
2018-10-15 09:39:55,747 INFO  - PipelinesApiAsyncBackendJobExecutionActor [UUID(2be7cf4e)Mutect2.oncotate_m2:NA:2]: `# fail if *any* command below (not just the last) doesn't return 0, in particular if wget fails
set -e

# local db dir is a directory and has been specified
if [[ -d "" ]]; then
    echo "Using local db-dir: "
    echo "THIS ONLY WORKS WITHOUT DOCKER!"
    ln -s  onco_dbdir
elif [[ "" == *.tar.gz ]]; then
    echo "Using given tar file: "
    mkdir onco_dbdir
    tar zxvf  -C onco_dbdir --strip-components 1
else
    echo "Downloading and installing oncotator datasources from Broad FTP site..."
    # Download and untar the db-dir
    wget ftp://gsapubftp-anonymous@ftp.broadinstitute.org/bundle/oncotator/oncotator_v1_ds_April052016.tar.gz
    tar zxvf oncotator_v1_ds_April052016.tar.gz
    ln -s oncotator_v1_ds_April052016 onco_dbdir
fi

/root/oncotator_venv/bin/oncotator --db-dir onco_dbdir/ -c $HOME/tx_exact_uniprot_matches.AKT1_CRLF2_FGFR1.txt  \
    -v /cromwell_root/ngb_cloud/cromwell-execution/FullPipeline/d1c765a1-e7e9-4013-b2f7-5535a9010f0c/call-M2Pair/M2.Mutect2/2be7cf4e-aa01-4850-bcfb-7ba579dcfabd/call-FilterByOrientationBias/NGB0-075-KOD-NEB-18-2.b37-filtered.vcf NGB0-075-KOD-NEB-18-2.maf.annotated hg19 -i VCF -o TCGAMAF --skip-no-alt --collapse-number-annotations --log_name oncotator.log \
    -a Center:BI \
    -a source:Unknown \
    -a normal_barcode: \
    -a tumor_barcode:NGB0-075-KOD-NEB-18-2 \
     \
     --collapse-filter-cols --prune-filter-cols  \`
2018-10-15 09:40:23,816 INFO  - PipelinesApiAsyncBackendJobExecutionActor [UUID(2be7cf4e)Mutect2.oncotate_m2:NA:2]: job id: operations/EL7lqqnnLBiEuZWct_mFno4BIMiRiJ3_CyoPcHJvZHVjdGlvblF1ZXVl
2018-10-15 09:40:56,481 INFO  - PipelinesApiAsyncBackendJobExecutionActor [UUID(2be7cf4e)Mutect2.oncotate_m2:NA:2]: Status change from - to Running
2018-10-15 10:11:35,906 INFO  - PipelinesApiAsyncBackendJobExecutionActor [UUID(2be7cf4e)Mutect2.oncotate_m2:NA:2]: Status change from Running to Failed
2018-10-15 10:11:38,819 INFO  - 2be7cf4e-aa01-4850-bcfb-7ba579dcfabd-SubWorkflowActor-SubWorkflow-M2Pair:-1:1 [UUID(2be7cf4e)]: Retrying job execution for Mutect2.oncotate_m2:NA:3
2018-10-15 10:11:39,756 INFO  - 2be7cf4e-aa01-4850-bcfb-7ba579dcfabd-SubWorkflowActor-SubWorkflow-M2Pair:-1:1 [UUID(2be7cf4e)]: Starting Mutect2.oncotate_m2
2018-10-15 10:11:40,754 INFO  - PipelinesApiAsyncBackendJobExecutionActor [UUID(2be7cf4e)Mutect2.oncotate_m2:NA:3]: `# fail if *any* command below (not just the last) doesn't return 0, in particular if wget fails
set -e

# local db dir is a directory and has been specified
if [[ -d "" ]]; then
    echo "Using local db-dir: "
    echo "THIS ONLY WORKS WITHOUT DOCKER!"
    ln -s  onco_dbdir
elif [[ "" == *.tar.gz ]]; then
    echo "Using given tar file: "
    mkdir onco_dbdir
    tar zxvf  -C onco_dbdir --strip-components 1
else
    echo "Downloading and installing oncotator datasources from Broad FTP site..."
    # Download and untar the db-dir
    wget ftp://gsapubftp-anonymous@ftp.broadinstitute.org/bundle/oncotator/oncotator_v1_ds_April052016.tar.gz
    tar zxvf oncotator_v1_ds_April052016.tar.gz
    ln -s oncotator_v1_ds_April052016 onco_dbdir
fi

/root/oncotator_venv/bin/oncotator --db-dir onco_dbdir/ -c $HOME/tx_exact_uniprot_matches.AKT1_CRLF2_FGFR1.txt  \
    -v /cromwell_root/ngb_cloud/cromwell-execution/FullPipeline/d1c765a1-e7e9-4013-b2f7-5535a9010f0c/call-M2Pair/M2.Mutect2/2be7cf4e-aa01-4850-bcfb-7ba579dcfabd/call-FilterByOrientationBias/NGB0-075-KOD-NEB-18-2.b37-filtered.vcf NGB0-075-KOD-NEB-18-2.maf.annotated hg19 -i VCF -o TCGAMAF --skip-no-alt --collapse-number-annotations --log_name oncotator.log \
    -a Center:BI \
    -a source:Unknown \
    -a normal_barcode: \
    -a tumor_barcode:NGB0-075-KOD-NEB-18-2 \
     \
     --collapse-filter-cols --prune-filter-cols  \`
2018-10-15 10:12:13,816 INFO  - PipelinesApiAsyncBackendJobExecutionActor [UUID(2be7cf4e)Mutect2.oncotate_m2:NA:3]: job id: operations/EMGYn6rnLBiA-du36sHcyq8BIMiRiJ3_CyoPcHJvZHVjdGlvblF1ZXVl
2018-10-15 10:12:43,542 INFO  - PipelinesApiAsyncBackendJobExecutionActor [UUID(2be7cf4e)Mutect2.oncotate_m2:NA:3]: Status change from - to Running
2018-10-15 10:39:29,760 INFO  - PipelinesApiAsyncBackendJobExecutionActor [UUID(2be7cf4e)Mutect2.oncotate_m2:NA:3]: Status change from Running to Failed
2018-10-15 10:39:33,835 INFO  - 2be7cf4e-aa01-4850-bcfb-7ba579dcfabd-SubWorkflowActor-SubWorkflow-M2Pair:-1:1 [UUID(2be7cf4e)]: Retrying job execution for Mutect2.oncotate_m2:NA:4
2018-10-15 10:39:33,985 INFO  - 2be7cf4e-aa01-4850-bcfb-7ba579dcfabd-SubWorkflowActor-SubWorkflow-M2Pair:-1:1 [UUID(2be7cf4e)]: Starting Mutect2.oncotate_m2
2018-10-15 10:39:34,734 INFO  - PipelinesApiAsyncBackendJobExecutionActor [UUID(2be7cf4e)Mutect2.oncotate_m2:NA:4]: `# fail if *any* command below (not just the last) doesn't return 0, in particular if wget fails
set -e

# local db dir is a directory and has been specified
if [[ -d "" ]]; then
    echo "Using local db-dir: "
    echo "THIS ONLY WORKS WITHOUT DOCKER!"
    ln -s  onco_dbdir
elif [[ "" == *.tar.gz ]]; then
    echo "Using given tar file: "
    mkdir onco_dbdir
    tar zxvf  -C onco_dbdir --strip-components 1
else
    echo "Downloading and installing oncotator datasources from Broad FTP site..."
    # Download and untar the db-dir
    wget ftp://gsapubftp-anonymous@ftp.broadinstitute.org/bundle/oncotator/oncotator_v1_ds_April052016.tar.gz
    tar zxvf oncotator_v1_ds_April052016.tar.gz
    ln -s oncotator_v1_ds_April052016 onco_dbdir
fi

/root/oncotator_venv/bin/oncotator --db-dir onco_dbdir/ -c $HOME/tx_exact_uniprot_matches.AKT1_CRLF2_FGFR1.txt  \
    -v /cromwell_root/ngb_cloud/cromwell-execution/FullPipeline/d1c765a1-e7e9-4013-b2f7-5535a9010f0c/call-M2Pair/M2.Mutect2/2be7cf4e-aa01-4850-bcfb-7ba579dcfabd/call-FilterByOrientationBias/NGB0-075-KOD-NEB-18-2.b37-filtered.vcf NGB0-075-KOD-NEB-18-2.maf.annotated hg19 -i VCF -o TCGAMAF --skip-no-alt --collapse-number-annotations --log_name oncotator.log \
    -a Center:BI \
    -a source:Unknown \
    -a normal_barcode: \
    -a tumor_barcode:NGB0-075-KOD-NEB-18-2 \
     \
     --collapse-filter-cols --prune-filter-cols  \`
2018-10-15 10:40:08,827 INFO  - PipelinesApiAsyncBackendJobExecutionActor [UUID(2be7cf4e)Mutect2.oncotate_m2:NA:4]: job id: operations/ENmuhavnLBjlrLymmLzN5IkBIMiRiJ3_CyoPcHJvZHVjdGlvblF1ZXVl
2018-10-15 10:40:37,366 INFO  - PipelinesApiAsyncBackendJobExecutionActor [UUID(2be7cf4e)Mutect2.oncotate_m2:NA:4]: Status change from - to Running
2018-10-15 11:13:31,314 INFO  - PipelinesApiAsyncBackendJobExecutionActor [UUID(2be7cf4e)Mutect2.oncotate_m2:NA:4]: Status change from Running to Failed
