2018-10-11 13:38:21,674 INFO  - 78bb1b45-c391-4382-bd11-59d59f4e6be3-SubWorkflowActor-SubWorkflow-PreProcessFastqs:-1:1 [UUID(78bb1b45)]: Starting ConvertPairedFastQsToUnmappedBamWf.PairedFastQsToUnmappedBAM
2018-10-11 13:38:22,701 INFO  - PipelinesApiAsyncBackendJobExecutionActor [UUID(78bb1b45)ConvertPairedFastQsToUnmappedBamWf.PairedFastQsToUnmappedBAM:0:1]: `/gatk/gatk --java-options "-Xmx3000m" \
FastqToSam \
--FASTQ /cromwell_root/ngb_cloud/fastq/NGB0-075-KOD-NEB-18-2_S24_L001_R1_001.fastq.gz \
--FASTQ2 /cromwell_root/ngb_cloud/fastq/NGB0-075-KOD-NEB-18-2_S24_L001_R2_001.fastq.gz \
--OUTPUT NGB0-075-KOD-NEB-18-2.unmapped.bam \
--READ_GROUP_NAME NGB0-075-KOD-NEB-18-2 \
--SAMPLE_NAME NGB0-075-KOD-NEB-18-2 \
--LIBRARY_NAME Illumina-NGB0-075 \
--PLATFORM_UNIT H06HDADXX130110.2.ATCACGAT \
--RUN_DATE 2016-09-01T02:00:00+0200 \
--PLATFORM illumina \
--SEQUENCING_CENTER BI`
2018-10-11 13:38:51,967 INFO  - PipelinesApiAsyncBackendJobExecutionActor [UUID(78bb1b45)ConvertPairedFastQsToUnmappedBamWf.PairedFastQsToUnmappedBAM:0:1]: job id: operations/EIGOrovmLBi3qr2O0OSG5_oBIMiRiJ3_CyoPcHJvZHVjdGlvblF1ZXVl
2018-10-11 13:39:20,682 INFO  - PipelinesApiAsyncBackendJobExecutionActor [UUID(78bb1b45)ConvertPairedFastQsToUnmappedBamWf.PairedFastQsToUnmappedBAM:0:1]: Status change from - to Running
2018-10-11 13:43:15,532 INFO  - PipelinesApiAsyncBackendJobExecutionActor [UUID(78bb1b45)ConvertPairedFastQsToUnmappedBamWf.PairedFastQsToUnmappedBAM:0:1]: Status change from Running to Success
2018-10-11 13:43:18,705 INFO  - 78bb1b45-c391-4382-bd11-59d59f4e6be3-SubWorkflowActor-SubWorkflow-PreProcessFastqs:-1:1 [UUID(78bb1b45)]: Starting ConvertPairedFastQsToUnmappedBamWf.CreateFoFN
2018-10-11 13:43:23,269 INFO  - PipelinesApiAsyncBackendJobExecutionActor [UUID(78bb1b45)ConvertPairedFastQsToUnmappedBamWf.CreateFoFN:NA:1]: `mv /cromwell_root/ngb_cloud/cromwell-execution/FullPipeline/064d4988-e36a-42df-b078-11d6ca0e18f3/call-PreProcessFastqs/PreProcessFastq.ConvertPairedFastQsToUnmappedBamWf/78bb1b45-c391-4382-bd11-59d59f4e6be3/call-CreateFoFN/write_lines_931361316ac8fdea608798dc31faaaa8.tmp  NGB0-075_unmapped_bam.list`
2018-10-11 13:43:51,941 INFO  - PipelinesApiAsyncBackendJobExecutionActor [UUID(78bb1b45)ConvertPairedFastQsToUnmappedBamWf.CreateFoFN:NA:1]: job id: operations/EO_JwIvmLBjkqOCf1Iaq_-gBIMiRiJ3_CyoPcHJvZHVjdGlvblF1ZXVl
2018-10-11 13:44:23,417 INFO  - PipelinesApiAsyncBackendJobExecutionActor [UUID(78bb1b45)ConvertPairedFastQsToUnmappedBamWf.CreateFoFN:NA:1]: Status change from - to Running
2018-10-11 13:47:44,769 INFO  - PipelinesApiAsyncBackendJobExecutionActor [UUID(78bb1b45)ConvertPairedFastQsToUnmappedBamWf.CreateFoFN:NA:1]: Status change from Running to Success
2018-10-11 13:47:46,689 INFO  - 78bb1b45-c391-4382-bd11-59d59f4e6be3-SubWorkflowActor-SubWorkflow-PreProcessFastqs:-1:1 [UUID(78bb1b45)]: Workflow PreProcessFastq.ConvertPairedFastQsToUnmappedBamWf complete. Final Outputs:
{
  "ConvertPairedFastQsToUnmappedBamWf.unmapped_bam_list": "gs://ngb_cloud/cromwell-execution/FullPipeline/064d4988-e36a-42df-b078-11d6ca0e18f3/call-PreProcessFastqs/PreProcessFastq.ConvertPairedFastQsToUnmappedBamWf/78bb1b45-c391-4382-bd11-59d59f4e6be3/call-CreateFoFN/NGB0-075_unmapped_bam.list",
  "ConvertPairedFastQsToUnmappedBamWf.output_bams": ["gs://ngb_cloud/cromwell-execution/FullPipeline/064d4988-e36a-42df-b078-11d6ca0e18f3/call-PreProcessFastqs/PreProcessFastq.ConvertPairedFastQsToUnmappedBamWf/78bb1b45-c391-4382-bd11-59d59f4e6be3/call-PairedFastQsToUnmappedBAM/shard-0/NGB0-075-KOD-NEB-18-2.unmapped.bam"]
}
