2018-10-15 07:01:24,114 INFO  - bc34806c-fa6a-4de7-87cd-076be67a085c-SubWorkflowActor-SubWorkflow-PreProcessFastqs:-1:1 [UUID(bc34806c)]: Starting ConvertPairedFastQsToUnmappedBamWf.PairedFastQsToUnmappedBAM
2018-10-15 07:01:25,659 INFO  - PipelinesApiAsyncBackendJobExecutionActor [UUID(bc34806c)ConvertPairedFastQsToUnmappedBamWf.PairedFastQsToUnmappedBAM:0:1]: `/gatk/gatk --java-options "-Xmx3000m" \
FastqToSam \
--FASTQ /cromwell_root/ngb_cloud/fastq/NGB0-075-KOD-NEB-18-2_S24_L001_R1_001.fastq.gz \
--FASTQ2 /cromwell_root/ngb_cloud/fastq/NGB0-075-KOD-NEB-18-2_S24_L001_R2_001.fastq.gz \
--OUTPUT NGB0-075-KOD-NEB-18-2.unmapped.bam \
--READ_GROUP_NAME NGB0-075-KOD-NEB-18-2 \
--SAMPLE_NAME NGB0-075-KOD-NEB-18-2 \
--LIBRARY_NAME Illumina-NGB0-075 \
--PLATFORM_UNIT H06HDADXX130110.2.ATCACGAT \
--RUN_DATE 2016-09-01T02:00:00+0200 \
--PLATFORM illumina \
--SEQUENCING_CENTER BI`
2018-10-15 07:01:53,861 INFO  - PipelinesApiAsyncBackendJobExecutionActor [UUID(bc34806c)ConvertPairedFastQsToUnmappedBamWf.PairedFastQsToUnmappedBAM:0:1]: job id: operations/EMSR5qTnLBjf05u4tuTNlLABIMiRiJ3_CyoPcHJvZHVjdGlvblF1ZXVl
2018-10-15 07:02:22,694 INFO  - PipelinesApiAsyncBackendJobExecutionActor [UUID(bc34806c)ConvertPairedFastQsToUnmappedBamWf.PairedFastQsToUnmappedBAM:0:1]: Status change from - to Running
2018-10-15 07:05:44,245 INFO  - PipelinesApiAsyncBackendJobExecutionActor [UUID(bc34806c)ConvertPairedFastQsToUnmappedBamWf.PairedFastQsToUnmappedBAM:0:1]: Status change from Running to Success
2018-10-15 07:05:48,116 INFO  - bc34806c-fa6a-4de7-87cd-076be67a085c-SubWorkflowActor-SubWorkflow-PreProcessFastqs:-1:1 [UUID(bc34806c)]: Starting ConvertPairedFastQsToUnmappedBamWf.CreateFoFN
2018-10-15 07:05:50,333 INFO  - PipelinesApiAsyncBackendJobExecutionActor [UUID(bc34806c)ConvertPairedFastQsToUnmappedBamWf.CreateFoFN:NA:1]: `mv /cromwell_root/ngb_cloud/cromwell-execution/FullPipeline/d1c765a1-e7e9-4013-b2f7-5535a9010f0c/call-PreProcessFastqs/PreProcessFastq.ConvertPairedFastQsToUnmappedBamWf/bc34806c-fa6a-4de7-87cd-076be67a085c/call-CreateFoFN/write_lines_7df7c44ed221b702cb9f7013cb587605.tmp  NGB0-075_unmapped_bam.list`
2018-10-15 07:06:18,818 INFO  - PipelinesApiAsyncBackendJobExecutionActor [UUID(bc34806c)ConvertPairedFastQsToUnmappedBamWf.CreateFoFN:NA:1]: job id: operations/EL3I9qTnLBjgmeWDm6Kpxa0BIMiRiJ3_CyoPcHJvZHVjdGlvblF1ZXVl
2018-10-15 07:06:51,984 INFO  - PipelinesApiAsyncBackendJobExecutionActor [UUID(bc34806c)ConvertPairedFastQsToUnmappedBamWf.CreateFoFN:NA:1]: Status change from - to Running
2018-10-15 07:10:13,349 INFO  - PipelinesApiAsyncBackendJobExecutionActor [UUID(bc34806c)ConvertPairedFastQsToUnmappedBamWf.CreateFoFN:NA:1]: Status change from Running to Success
2018-10-15 07:10:16,050 INFO  - bc34806c-fa6a-4de7-87cd-076be67a085c-SubWorkflowActor-SubWorkflow-PreProcessFastqs:-1:1 [UUID(bc34806c)]: Workflow PreProcessFastq.ConvertPairedFastQsToUnmappedBamWf complete. Final Outputs:
{
  "ConvertPairedFastQsToUnmappedBamWf.unmapped_bam_list": "gs://ngb_cloud/cromwell-execution/FullPipeline/d1c765a1-e7e9-4013-b2f7-5535a9010f0c/call-PreProcessFastqs/PreProcessFastq.ConvertPairedFastQsToUnmappedBamWf/bc34806c-fa6a-4de7-87cd-076be67a085c/call-CreateFoFN/NGB0-075_unmapped_bam.list",
  "ConvertPairedFastQsToUnmappedBamWf.output_bams": ["gs://ngb_cloud/cromwell-execution/FullPipeline/d1c765a1-e7e9-4013-b2f7-5535a9010f0c/call-PreProcessFastqs/PreProcessFastq.ConvertPairedFastQsToUnmappedBamWf/bc34806c-fa6a-4de7-87cd-076be67a085c/call-PairedFastQsToUnmappedBAM/shard-0/NGB0-075-KOD-NEB-18-2.unmapped.bam"]
}
